DN_MAGN-L2-HIRES_G18:
  b_total: ISTP.FORMAT: Variable 'b_total' does not have a FORMAT or FORM_PTR attribute.
  b_epn: ISTP.FORMAT: Variable 'b_epn' does not have a FORMAT or FORM_PTR attribute.
  b_eci: ISTP.FORMAT: Variable 'b_eci' does not have a FORMAT or FORM_PTR attribute.
  b_gse: ISTP.FORMAT: Variable 'b_gse' does not have a FORMAT or FORM_PTR attribute.
  b_gsm: ISTP.FORMAT: Variable 'b_gsm' does not have a FORMAT or FORM_PTR attribute.
  b_vdh: ISTP.FORMAT: Variable 'b_vdh' does not have a FORMAT or FORM_PTR attribute.
  b_brf: ISTP.FORMAT: Variable 'b_brf' does not have a FORMAT or FORM_PTR attribute.
  DQF: ISTP.FORMAT: Variable 'DQF' does not have a FORMAT or FORM_PTR attribute.
DN_MAGN-L2-HIRES_G17:
  b_total: ISTP.FORMAT: Variable 'b_total' does not have a FORMAT or FORM_PTR attribute.
  b_epn: ISTP.FORMAT: Variable 'b_epn' does not have a FORMAT or FORM_PTR attribute.
  b_eci: ISTP.FORMAT: Variable 'b_eci' does not have a FORMAT or FORM_PTR attribute.
  b_gse: ISTP.FORMAT: Variable 'b_gse' does not have a FORMAT or FORM_PTR attribute.
  b_gsm: ISTP.FORMAT: Variable 'b_gsm' does not have a FORMAT or FORM_PTR attribute.
  b_vdh: ISTP.FORMAT: Variable 'b_vdh' does not have a FORMAT or FORM_PTR attribute.
  b_brf: ISTP.FORMAT: Variable 'b_brf' does not have a FORMAT or FORM_PTR attribute.
  DQF: ISTP.FORMAT: Variable 'DQF' does not have a FORMAT or FORM_PTR attribute.
DN_MAGN-L2-HIRES_G16:
  b_total: ISTP.FORMAT: Variable 'b_total' does not have a FORMAT or FORM_PTR attribute.
  b_epn: ISTP.FORMAT: Variable 'b_epn' does not have a FORMAT or FORM_PTR attribute.
  b_eci: ISTP.FORMAT: Variable 'b_eci' does not have a FORMAT or FORM_PTR attribute.
  b_gse: ISTP.FORMAT: Variable 'b_gse' does not have a FORMAT or FORM_PTR attribute.
  b_gsm: ISTP.FORMAT: Variable 'b_gsm' does not have a FORMAT or FORM_PTR attribute.
  b_vdh: ISTP.FORMAT: Variable 'b_vdh' does not have a FORMAT or FORM_PTR attribute.
  b_brf: ISTP.FORMAT: Variable 'b_brf' does not have a FORMAT or FORM_PTR attribute.
  DQF: ISTP.FORMAT: Variable 'DQF' does not have a FORMAT or FORM_PTR attribute.
DN_MAGN-L2-HIRES_G15:
  b_total: ISTP.FORMAT: Variable 'b_total' does not have a FORMAT or FORM_PTR attribute.
  b_epn: ISTP.FORMAT: Variable 'b_epn' does not have a FORMAT or FORM_PTR attribute.
  b_eci: ISTP.FORMAT: Variable 'b_eci' does not have a FORMAT or FORM_PTR attribute.
  b_gse: ISTP.FORMAT: Variable 'b_gse' does not have a FORMAT or FORM_PTR attribute.
  b_gsm: ISTP.FORMAT: Variable 'b_gsm' does not have a FORMAT or FORM_PTR attribute.
  b_vdh: ISTP.FORMAT: Variable 'b_vdh' does not have a FORMAT or FORM_PTR attribute.
  b_brf: ISTP.FORMAT: Variable 'b_brf' does not have a FORMAT or FORM_PTR attribute.
  b_quality: ISTP.FORMAT: Variable 'b_quality' does not have a FORMAT or FORM_PTR attribute.
DN_MAGN-L2-HIRES_G14:
  b_total: ISTP.FORMAT: Variable 'b_total' does not have a FORMAT or FORM_PTR attribute.
  b_epn: ISTP.FORMAT: Variable 'b_epn' does not have a FORMAT or FORM_PTR attribute.
  b_eci: ISTP.FORMAT: Variable 'b_eci' does not have a FORMAT or FORM_PTR attribute.
  b_gse: ISTP.FORMAT: Variable 'b_gse' does not have a FORMAT or FORM_PTR attribute.
  b_gsm: ISTP.FORMAT: Variable 'b_gsm' does not have a FORMAT or FORM_PTR attribute.
  b_vdh: ISTP.FORMAT: Variable 'b_vdh' does not have a FORMAT or FORM_PTR attribute.
  b_brf: ISTP.FORMAT: Variable 'b_brf' does not have a FORMAT or FORM_PTR attribute.
  b_quality: ISTP.FORMAT: Variable 'b_quality' does not have a FORMAT or FORM_PTR attribute.
DN_MAGN-L2-HIRES_G13:
  b_total: ISTP.FORMAT: Variable 'b_total' does not have a FORMAT or FORM_PTR attribute.
  b_epn: ISTP.FORMAT: Variable 'b_epn' does not have a FORMAT or FORM_PTR attribute.
  b_eci: ISTP.FORMAT: Variable 'b_eci' does not have a FORMAT or FORM_PTR attribute.
  b_gse: ISTP.FORMAT: Variable 'b_gse' does not have a FORMAT or FORM_PTR attribute.
  b_gsm: ISTP.FORMAT: Variable 'b_gsm' does not have a FORMAT or FORM_PTR attribute.
  b_vdh: ISTP.FORMAT: Variable 'b_vdh' does not have a FORMAT or FORM_PTR attribute.
  b_brf: ISTP.FORMAT: Variable 'b_brf' does not have a FORMAT or FORM_PTR attribute.
  b_quality: ISTP.FORMAT: Variable 'b_quality' does not have a FORMAT or FORM_PTR attribute.
DN_MAGN-L2-HIRES_G12:
  b_total: ISTP.FORMAT: Variable 'b_total' does not have a FORMAT or FORM_PTR attribute.
  b_epn: ISTP.FORMAT: Variable 'b_epn' does not have a FORMAT or FORM_PTR attribute.
  b_eci: ISTP.FORMAT: Variable 'b_eci' does not have a FORMAT or FORM_PTR attribute.
  b_gse: ISTP.FORMAT: Variable 'b_gse' does not have a FORMAT or FORM_PTR attribute.
  b_gsm: ISTP.FORMAT: Variable 'b_gsm' does not have a FORMAT or FORM_PTR attribute.
  b_vdh: ISTP.FORMAT: Variable 'b_vdh' does not have a FORMAT or FORM_PTR attribute.
  b_brf: ISTP.FORMAT: Variable 'b_brf' does not have a FORMAT or FORM_PTR attribute.
  b_quality: ISTP.FORMAT: Variable 'b_quality' does not have a FORMAT or FORM_PTR attribute.
DN_MAGN-L2-HIRES_G11:
  b_total: ISTP.FORMAT: Variable 'b_total' does not have a FORMAT or FORM_PTR attribute.
  b_epn: ISTP.FORMAT: Variable 'b_epn' does not have a FORMAT or FORM_PTR attribute.
  b_eci: ISTP.FORMAT: Variable 'b_eci' does not have a FORMAT or FORM_PTR attribute.
  b_gse: ISTP.FORMAT: Variable 'b_gse' does not have a FORMAT or FORM_PTR attribute.
  b_gsm: ISTP.FORMAT: Variable 'b_gsm' does not have a FORMAT or FORM_PTR attribute.
  b_vdh: ISTP.FORMAT: Variable 'b_vdh' does not have a FORMAT or FORM_PTR attribute.
  b_brf: ISTP.FORMAT: Variable 'b_brf' does not have a FORMAT or FORM_PTR attribute.
  b_quality: ISTP.FORMAT: Variable 'b_quality' does not have a FORMAT or FORM_PTR attribute.
DN_MAGN-L2-HIRES_G10:
  b_total: ISTP.FORMAT: Variable 'b_total' does not have a FORMAT or FORM_PTR attribute.
  b_epn: ISTP.FORMAT: Variable 'b_epn' does not have a FORMAT or FORM_PTR attribute.
  b_eci: ISTP.FORMAT: Variable 'b_eci' does not have a FORMAT or FORM_PTR attribute.
  b_gse: ISTP.FORMAT: Variable 'b_gse' does not have a FORMAT or FORM_PTR attribute.
  b_gsm: ISTP.FORMAT: Variable 'b_gsm' does not have a FORMAT or FORM_PTR attribute.
  b_vdh: ISTP.FORMAT: Variable 'b_vdh' does not have a FORMAT or FORM_PTR attribute.
  b_brf: ISTP.FORMAT: Variable 'b_brf' does not have a FORMAT or FORM_PTR attribute.
  b_quality: ISTP.FORMAT: Variable 'b_quality' does not have a FORMAT or FORM_PTR attribute.
DN_MAGN-L2-HIRES_G09:
  b_total: ISTP.FORMAT: Variable 'b_total' does not have a FORMAT or FORM_PTR attribute.
  b_epn: ISTP.FORMAT: Variable 'b_epn' does not have a FORMAT or FORM_PTR attribute.
  b_eci: ISTP.FORMAT: Variable 'b_eci' does not have a FORMAT or FORM_PTR attribute.
  b_gse: ISTP.FORMAT: Variable 'b_gse' does not have a FORMAT or FORM_PTR attribute.
  b_gsm: ISTP.FORMAT: Variable 'b_gsm' does not have a FORMAT or FORM_PTR attribute.
  b_vdh: ISTP.FORMAT: Variable 'b_vdh' does not have a FORMAT or FORM_PTR attribute.
  b_brf: ISTP.FORMAT: Variable 'b_brf' does not have a FORMAT or FORM_PTR attribute.
  b_quality: ISTP.FORMAT: Variable 'b_quality' does not have a FORMAT or FORM_PTR attribute.
DN_MAGN-L2-HIRES_G08:
  b_total: ISTP.FORMAT: Variable 'b_total' does not have a FORMAT or FORM_PTR attribute.
  b_epn: ISTP.FORMAT: Variable 'b_epn' does not have a FORMAT or FORM_PTR attribute.
  b_eci: ISTP.FORMAT: Variable 'b_eci' does not have a FORMAT or FORM_PTR attribute.
  b_gse: ISTP.FORMAT: Variable 'b_gse' does not have a FORMAT or FORM_PTR attribute.
  b_gsm: ISTP.FORMAT: Variable 'b_gsm' does not have a FORMAT or FORM_PTR attribute.
  b_vdh: ISTP.FORMAT: Variable 'b_vdh' does not have a FORMAT or FORM_PTR attribute.
  b_brf: ISTP.FORMAT: Variable 'b_brf' does not have a FORMAT or FORM_PTR attribute.
  b_quality: ISTP.FORMAT: Variable 'b_quality' does not have a FORMAT or FORM_PTR attribute.
G7_K1_MAG:
  Hn_psd: ISTP.FORMAT: Variable 'Hn_psd' does not have a FORMAT or FORM_PTR attribute.
GPS_RF_LANL-VTEC-1HR:
  tec: ISTP.FORMAT: Variable 'tec' does not have a FORMAT or FORM_PTR attribute.
  tec_movie: ISTP.FORMAT: Variable 'tec_movie' does not have a FORMAT or FORM_PTR attribute.
  tec_moll: ISTP.FORMAT: Variable 'tec_moll' does not have a FORMAT or FORM_PTR attribute.
  tec_moll_movie: ISTP.FORMAT: Variable 'tec_moll_movie' does not have a FORMAT or FORM_PTR attribute.
HK_H0_VLF:
  b_spd: ISTP.FORMAT: Variable 'b_spd' does not have a FORMAT or FORM_PTR attribute.
  BAVE: ISTP.FORMAT: Variable 'BAVE' does not have a FORMAT or FORM_PTR attribute.
  pos_GSM: ISTP.FORMAT: Variable 'pos_GSM' does not have a FORMAT or FORM_PTR attribute.
ICON_L2-4_FUV_DAY:
  ICON_L24_1356_Emission: ISTP.FORMAT: Variable 'ICON_L24_1356_Emission' does not have a FORMAT or FORM_PTR attribute.
  ICON_L24_Ap: ISTP.FORMAT: Variable 'ICON_L24_Ap' does not have a FORMAT or FORM_PTR attribute.
  ICON_L24_Disk_LOS_Zen_Angle: ISTP.FORMAT: Variable 'ICON_L24_Disk_LOS_Zen_Angle' does not have a FORMAT or FORM_PTR attribute.
  ICON_L24_Disk_Latitude: ISTP.FORMAT: Variable 'ICON_L24_Disk_Latitude' does not have a FORMAT or FORM_PTR attribute.
  ICON_L24_Disk_Longitude: ISTP.FORMAT: Variable 'ICON_L24_Disk_Longitude' does not have a FORMAT or FORM_PTR attribute.
  ICON_L24_Disk_ON2: ISTP.FORMAT: Variable 'ICON_L24_Disk_ON2' does not have a FORMAT or FORM_PTR attribute.
  ICON_L24_Disk_SZA: ISTP.FORMAT: Variable 'ICON_L24_Disk_SZA' does not have a FORMAT or FORM_PTR attribute.
  ICON_L24_Disk_Sigma_ON2: ISTP.FORMAT: Variable 'ICON_L24_Disk_Sigma_ON2' does not have a FORMAT or FORM_PTR attribute.
  ICON_L24_LBH_Emission: ISTP.FORMAT: Variable 'ICON_L24_LBH_Emission' does not have a FORMAT or FORM_PTR attribute.
ICON_L2-4_FUV_DAY-LIMB:
  ICON_L24_Column_O_N2: ISTP.FORMAT: Variable 'ICON_L24_Column_O_N2' does not have a FORMAT or FORM_PTR attribute.
  ICON_L24_N2: ISTP.FORMAT: Variable 'ICON_L24_N2' does not have a FORMAT or FORM_PTR attribute.
  ICON_L24_O: ISTP.FORMAT: Variable 'ICON_L24_O' does not have a FORMAT or FORM_PTR attribute.
  ICON_L24_O2: ISTP.FORMAT: Variable 'ICON_L24_O2' does not have a FORMAT or FORM_PTR attribute.
  ICON_L24_Sigma_N2: ISTP.FORMAT: Variable 'ICON_L24_Sigma_N2' does not have a FORMAT or FORM_PTR attribute.
  ICON_L24_Sigma_O: ISTP.FORMAT: Variable 'ICON_L24_Sigma_O' does not have a FORMAT or FORM_PTR attribute.
  ICON_L24_Sigma_O2: ISTP.FORMAT: Variable 'ICON_L24_Sigma_O2' does not have a FORMAT or FORM_PTR attribute.
  ICON_L24_Sigma_O_N2: ISTP.FORMAT: Variable 'ICON_L24_Sigma_O_N2' does not have a FORMAT or FORM_PTR attribute.
  ICON_L24_Sigma_Temperature: ISTP.FORMAT: Variable 'ICON_L24_Sigma_Temperature' does not have a FORMAT or FORM_PTR attribute.
  ICON_L24_Temperature: ISTP.FORMAT: Variable 'ICON_L24_Temperature' does not have a FORMAT or FORM_PTR attribute.
ICON_L2-6_EUV:
  ICON_L26_Flag: ISTP.FORMAT: Variable 'ICON_L26_Flag' does not have a FORMAT or FORM_PTR attribute.
  ICON_L26_HmF2: ISTP.FORMAT: Variable 'ICON_L26_HmF2' does not have a FORMAT or FORM_PTR attribute.
  ICON_L26_NmF2: ISTP.FORMAT: Variable 'ICON_L26_NmF2' does not have a FORMAT or FORM_PTR attribute.
  ICON_L26_Oplus: ISTP.FORMAT: Variable 'ICON_L26_Oplus' does not have a FORMAT or FORM_PTR attribute.
  ICON_L26_Oplus_t: ISTP.FORMAT: Variable 'ICON_L26_Oplus_t' does not have a FORMAT or FORM_PTR attribute.
  ICON_L26_Sigma_HmF2: ISTP.FORMAT: Variable 'ICON_L26_Sigma_HmF2' does not have a FORMAT or FORM_PTR attribute.
  ICON_L26_Sigma_NmF2: ISTP.FORMAT: Variable 'ICON_L26_Sigma_NmF2' does not have a FORMAT or FORM_PTR attribute.
  ICON_L26_Sigma_Oplus: ISTP.FORMAT: Variable 'ICON_L26_Sigma_Oplus' does not have a FORMAT or FORM_PTR attribute.
  ICON_L26_Sigma_Oplus_t: ISTP.FORMAT: Variable 'ICON_L26_Sigma_Oplus_t' does not have a FORMAT or FORM_PTR attribute.
RBSP_ECT-REPT-SCI-L3-SELESNICK-MODEL:
  Ne_energies: ISTP.FORMAT: Variable 'Ne_energies' does not have a FORMAT or FORM_PTR attribute.
  Na_pitchangles: ISTP.FORMAT: Variable 'Na_pitchangles' does not have a FORMAT or FORM_PTR attribute.
  NL_shells: ISTP.FORMAT: Variable 'NL_shells' does not have a FORMAT or FORM_PTR attribute.
  intensities: ISTP.FORMAT: Variable 'intensities' does not have a FORMAT or FORM_PTR attribute.
  intensities_atE25_byPA_byL: ISTP.FORMAT: Variable 'intensities_atE25_byPA_byL' does not have a FORMAT or FORM_PTR attribute.
  intensities_atE50_byPA_byL: ISTP.FORMAT: Variable 'intensities_atE50_byPA_byL' does not have a FORMAT or FORM_PTR attribute.
  intensities_atE75_byPA_byL: ISTP.FORMAT: Variable 'intensities_atE75_byPA_byL' does not have a FORMAT or FORM_PTR attribute.
  intensities_atE100_byPA_byL: ISTP.FORMAT: Variable 'intensities_atE100_byPA_byL' does not have a FORMAT or FORM_PTR attribute.
  intensities_atE125_byPA_byL: ISTP.FORMAT: Variable 'intensities_atE125_byPA_byL' does not have a FORMAT or FORM_PTR attribute.
  intensities_atE150_byPA_byL: ISTP.FORMAT: Variable 'intensities_atE150_byPA_byL' does not have a FORMAT or FORM_PTR attribute.
  intensities_atE175_byPA_byL: ISTP.FORMAT: Variable 'intensities_atE175_byPA_byL' does not have a FORMAT or FORM_PTR attribute.
  intensities_byE_atPA5_byL: ISTP.FORMAT: Variable 'intensities_byE_atPA5_byL' does not have a FORMAT or FORM_PTR attribute.
  intensities_byE_atPA10_byL: ISTP.FORMAT: Variable 'intensities_byE_atPA10_byL' does not have a FORMAT or FORM_PTR attribute.
  intensities_byE_atPA15_byL: ISTP.FORMAT: Variable 'intensities_byE_atPA15_byL' does not have a FORMAT or FORM_PTR attribute.
  intensities_byE_atPA20_byL: ISTP.FORMAT: Variable 'intensities_byE_atPA20_byL' does not have a FORMAT or FORM_PTR attribute.
  intensities_byE_atPA25_byL: ISTP.FORMAT: Variable 'intensities_byE_atPA25_byL' does not have a FORMAT or FORM_PTR attribute.
  intensities_byE_atPA30_byL: ISTP.FORMAT: Variable 'intensities_byE_atPA30_byL' does not have a FORMAT or FORM_PTR attribute.
  intensities_byE_atPA35_byL: ISTP.FORMAT: Variable 'intensities_byE_atPA35_byL' does not have a FORMAT or FORM_PTR attribute.
  intensities_byE_byPA_atL5: ISTP.FORMAT: Variable 'intensities_byE_byPA_atL5' does not have a FORMAT or FORM_PTR attribute.
  intensities_byE_byPA_atL10: ISTP.FORMAT: Variable 'intensities_byE_byPA_atL10' does not have a FORMAT or FORM_PTR attribute.
  intensities_byE_byPA_atL15: ISTP.FORMAT: Variable 'intensities_byE_byPA_atL15' does not have a FORMAT or FORM_PTR attribute.
  intensities_byE_byPA_atL20: ISTP.FORMAT: Variable 'intensities_byE_byPA_atL20' does not have a FORMAT or FORM_PTR attribute.
  intensities_byE_byPA_atL25: ISTP.FORMAT: Variable 'intensities_byE_byPA_atL25' does not have a FORMAT or FORM_PTR attribute.
  intensities_byE_byPA_atL30: ISTP.FORMAT: Variable 'intensities_byE_byPA_atL30' does not have a FORMAT or FORM_PTR attribute.
  intensities_byE_byPA_atL35: ISTP.FORMAT: Variable 'intensities_byE_byPA_atL35' does not have a FORMAT or FORM_PTR attribute.
  intensities_byE_byPA_atL40: ISTP.FORMAT: Variable 'intensities_byE_byPA_atL40' does not have a FORMAT or FORM_PTR attribute.
  intensities_byE_byPA_atL45: ISTP.FORMAT: Variable 'intensities_byE_byPA_atL45' does not have a FORMAT or FORM_PTR attribute.
  intensities_movie_atE25_byPA_byL: ISTP.FORMAT: Variable 'intensities_movie_atE25_byPA_byL' does not have a FORMAT or FORM_PTR attribute.
  intensities_movie_atE50_byPA_byL: ISTP.FORMAT: Variable 'intensities_movie_atE50_byPA_byL' does not have a FORMAT or FORM_PTR attribute.
  intensities_movie_atE75_byPA_byL: ISTP.FORMAT: Variable 'intensities_movie_atE75_byPA_byL' does not have a FORMAT or FORM_PTR attribute.
  intensities_movie_atE100_byPA_byL: ISTP.FORMAT: Variable 'intensities_movie_atE100_byPA_byL' does not have a FORMAT or FORM_PTR attribute.
  intensities_movie_atE125_byPA_byL: ISTP.FORMAT: Variable 'intensities_movie_atE125_byPA_byL' does not have a FORMAT or FORM_PTR attribute.
  intensities_movie_atE150_byPA_byL: ISTP.FORMAT: Variable 'intensities_movie_atE150_byPA_byL' does not have a FORMAT or FORM_PTR attribute.
  intensities_movie_atE175_byPA_byL: ISTP.FORMAT: Variable 'intensities_movie_atE175_byPA_byL' does not have a FORMAT or FORM_PTR attribute.
  intensities_movie_byE_atPA5_byL: ISTP.FORMAT: Variable 'intensities_movie_byE_atPA5_byL' does not have a FORMAT or FORM_PTR attribute.
  intensities_movie_byE_atPA10_byL: ISTP.FORMAT: Variable 'intensities_movie_byE_atPA10_byL' does not have a FORMAT or FORM_PTR attribute.
  intensities_movie_byE_atPA15_byL: ISTP.FORMAT: Variable 'intensities_movie_byE_atPA15_byL' does not have a FORMAT or FORM_PTR attribute.
  intensities_movie_byE_atPA20_byL: ISTP.FORMAT: Variable 'intensities_movie_byE_atPA20_byL' does not have a FORMAT or FORM_PTR attribute.
  intensities_movie_byE_atPA25_byL: ISTP.FORMAT: Variable 'intensities_movie_byE_atPA25_byL' does not have a FORMAT or FORM_PTR attribute.
  intensities_movie_byE_atPA30_byL: ISTP.FORMAT: Variable 'intensities_movie_byE_atPA30_byL' does not have a FORMAT or FORM_PTR attribute.
  intensities_movie_byE_atPA35_byL: ISTP.FORMAT: Variable 'intensities_movie_byE_atPA35_byL' does not have a FORMAT or FORM_PTR attribute.
  intensities_movie_byE_byPA_atL5: ISTP.FORMAT: Variable 'intensities_movie_byE_byPA_atL5' does not have a FORMAT or FORM_PTR attribute.
  intensities_movie_byE_byPA_atL10: ISTP.FORMAT: Variable 'intensities_movie_byE_byPA_atL10' does not have a FORMAT or FORM_PTR attribute.
  intensities_movie_byE_byPA_atL15: ISTP.FORMAT: Variable 'intensities_movie_byE_byPA_atL15' does not have a FORMAT or FORM_PTR attribute.
  intensities_movie_byE_byPA_atL20: ISTP.FORMAT: Variable 'intensities_movie_byE_byPA_atL20' does not have a FORMAT or FORM_PTR attribute.
  intensities_movie_byE_byPA_atL25: ISTP.FORMAT: Variable 'intensities_movie_byE_byPA_atL25' does not have a FORMAT or FORM_PTR attribute.
  intensities_movie_byE_byPA_atL30: ISTP.FORMAT: Variable 'intensities_movie_byE_byPA_atL30' does not have a FORMAT or FORM_PTR attribute.
  intensities_movie_byE_byPA_atL35: ISTP.FORMAT: Variable 'intensities_movie_byE_byPA_atL35' does not have a FORMAT or FORM_PTR attribute.
  intensities_movie_byE_byPA_atL40: ISTP.FORMAT: Variable 'intensities_movie_byE_byPA_atL40' does not have a FORMAT or FORM_PTR attribute.
  intensities_movie_byE_byPA_atL45: ISTP.FORMAT: Variable 'intensities_movie_byE_byPA_atL45' does not have a FORMAT or FORM_PTR attribute.
  uncertainties: ISTP.FORMAT: Variable 'uncertainties' does not have a FORMAT or FORM_PTR attribute.
  uncertainties_atE50_byPA_byL: ISTP.FORMAT: Variable 'uncertainties_atE50_byPA_byL' does not have a FORMAT or FORM_PTR attribute.
  uncertainties_atE100_byPA_byL: ISTP.FORMAT: Variable 'uncertainties_atE100_byPA_byL' does not have a FORMAT or FORM_PTR attribute.
  uncertainties_atE150_byPA_byL: ISTP.FORMAT: Variable 'uncertainties_atE150_byPA_byL' does not have a FORMAT or FORM_PTR attribute.
  uncertainties_byE_atPA10_byL: ISTP.FORMAT: Variable 'uncertainties_byE_atPA10_byL' does not have a FORMAT or FORM_PTR attribute.
  uncertainties_byE_atPA20_byL: ISTP.FORMAT: Variable 'uncertainties_byE_atPA20_byL' does not have a FORMAT or FORM_PTR attribute.
  uncertainties_byE_atPA30_byL: ISTP.FORMAT: Variable 'uncertainties_byE_atPA30_byL' does not have a FORMAT or FORM_PTR attribute.
  uncertainties_byE_byPA_atL10: ISTP.FORMAT: Variable 'uncertainties_byE_byPA_atL10' does not have a FORMAT or FORM_PTR attribute.
  uncertainties_byE_byPA_atL20: ISTP.FORMAT: Variable 'uncertainties_byE_byPA_atL20' does not have a FORMAT or FORM_PTR attribute.
  uncertainties_byE_byPA_atL30: ISTP.FORMAT: Variable 'uncertainties_byE_byPA_atL30' does not have a FORMAT or FORM_PTR attribute.
  uncertainties_byE_byPA_atL40: ISTP.FORMAT: Variable 'uncertainties_byE_byPA_atL40' does not have a FORMAT or FORM_PTR attribute.
RBSPA_REL03_ECT-REPT-SCI-L3:
  FPDU_Unbinned_LightMask_0to360: ISTP.FORMAT: Variable 'FPDU_Unbinned_LightMask_0to360' does not have a FORMAT or FORM_PTR attribute.
  FPDU_Unbinned_Light_Flag: ISTP.FORMAT: Variable 'FPDU_Unbinned_Light_Flag' does not have a FORMAT or FORM_PTR attribute.
RBSPB_REL03_ECT-REPT-SCI-L3:
  FPDU_Unbinned_LightMask_0to360: ISTP.FORMAT: Variable 'FPDU_Unbinned_LightMask_0to360' does not have a FORMAT or FORM_PTR attribute.
  FPDU_Unbinned_Light_Flag: ISTP.FORMAT: Variable 'FPDU_Unbinned_Light_Flag' does not have a FORMAT or FORM_PTR attribute.
VOYAGER-1_LECP_LEV-2-DAILY-AVG:
  FEDU_SectoredFluxes ISTP.FORMAT:
    Variable 'FEDU_SectoredFluxes' has both FORMAT and FORM_PTR attributes. Using FORMAT.
    Variable 'FEDU_SectoredFluxes' has both FORMAT and FORM_PTR attributes. Using FORMAT.
  FEDU_SectoredFluxUncertainties ISTP.FORMAT:
    Variable 'FEDU_SectoredFluxUncertainties' has both FORMAT and FORM_PTR attributes. Using FORMAT.
    Variable 'FEDU_SectoredFluxUncertainties' has both FORMAT and FORM_PTR attributes. Using FORMAT.
  FEsDU_SectoredFluxes ISTP.FORMAT:
    Variable 'FEsDU_SectoredFluxes' has both FORMAT and FORM_PTR attributes. Using FORMAT.
    Variable 'FEsDU_SectoredFluxes' has both FORMAT and FORM_PTR attributes. Using FORMAT.
  FEsDU_SectoredFluxUncertainties ISTP.FORMAT:
    Variable 'FEsDU_SectoredFluxUncertainties' has both FORMAT and FORM_PTR attributes. Using FORMAT.
    Variable 'FEsDU_SectoredFluxUncertainties' has both FORMAT and FORM_PTR attributes. Using FORMAT.
  FHDU_SectoredFluxes ISTP.FORMAT:
    Variable 'FHDU_SectoredFluxes' has both FORMAT and FORM_PTR attributes. Using FORMAT.
    Variable 'FHDU_SectoredFluxes' has both FORMAT and FORM_PTR attributes. Using FORMAT.
  FHDU_SectoredFluxUncertainties ISTP.FORMAT:
    Variable 'FHDU_SectoredFluxUncertainties' has both FORMAT and FORM_PTR attributes. Using FORMAT.
    Variable 'FHDU_SectoredFluxUncertainties' has both FORMAT and FORM_PTR attributes. Using FORMAT.
  FHeDU_SectoredFluxes ISTP.FORMAT:
    Variable 'FHeDU_SectoredFluxes' has both FORMAT and FORM_PTR attributes. Using FORMAT.
    Variable 'FHeDU_SectoredFluxes' has both FORMAT and FORM_PTR attributes. Using FORMAT.
  FHeDU_SectoredFluxUncertainties ISTP.FORMAT:
    Variable 'FHeDU_SectoredFluxUncertainties' has both FORMAT and FORM_PTR attributes. Using FORMAT.
    Variable 'FHeDU_SectoredFluxUncertainties' has both FORMAT and FORM_PTR attributes. Using FORMAT.
  FODU_SectoredFluxes ISTP.FORMAT:
    Variable 'FODU_SectoredFluxes' has both FORMAT and FORM_PTR attributes. Using FORMAT.
    Variable 'FODU_SectoredFluxes' has both FORMAT and FORM_PTR attributes. Using FORMAT.
  FODU_SectoredFluxUncertainties ISTP.FORMAT:
    Variable 'FODU_SectoredFluxUncertainties' has both FORMAT and FORM_PTR attributes. Using FORMAT.
    Variable 'FODU_SectoredFluxUncertainties' has both FORMAT and FORM_PTR attributes. Using FORMAT.
  FFeDU_SectoredFluxes ISTP.FORMAT:
    Variable 'FFeDU_SectoredFluxes' has both FORMAT and FORM_PTR attributes. Using FORMAT.
    Variable 'FFeDU_SectoredFluxes' has both FORMAT and FORM_PTR attributes. Using FORMAT.
  FFeDU_SectoredFluxUncertainties ISTP.FORMAT:
    Variable 'FFeDU_SectoredFluxUncertainties' has both FORMAT and FORM_PTR attributes. Using FORMAT.
    Variable 'FFeDU_SectoredFluxUncertainties' has both FORMAT and FORM_PTR attributes. Using FORMAT.
VOYAGER-1_LECP_LEV-2-HOURLY-AVG:
  FEDU_SectoredFluxes ISTP.FORMAT:
    Variable 'FEDU_SectoredFluxes' has both FORMAT and FORM_PTR attributes. Using FORMAT.
    Variable 'FEDU_SectoredFluxes' has both FORMAT and FORM_PTR attributes. Using FORMAT.
  FEDU_SectoredFluxUncertainties ISTP.FORMAT:
    Variable 'FEDU_SectoredFluxUncertainties' has both FORMAT and FORM_PTR attributes. Using FORMAT.
    Variable 'FEDU_SectoredFluxUncertainties' has both FORMAT and FORM_PTR attributes. Using FORMAT.
  FEsDU_SectoredFluxes ISTP.FORMAT:
    Variable 'FEsDU_SectoredFluxes' has both FORMAT and FORM_PTR attributes. Using FORMAT.
    Variable 'FEsDU_SectoredFluxes' has both FORMAT and FORM_PTR attributes. Using FORMAT.
  FEsDU_SectoredFluxUncertainties ISTP.FORMAT:
    Variable 'FEsDU_SectoredFluxUncertainties' has both FORMAT and FORM_PTR attributes. Using FORMAT.
    Variable 'FEsDU_SectoredFluxUncertainties' has both FORMAT and FORM_PTR attributes. Using FORMAT.
  FHDU_SectoredFluxes ISTP.FORMAT:
    Variable 'FHDU_SectoredFluxes' has both FORMAT and FORM_PTR attributes. Using FORMAT.
    Variable 'FHDU_SectoredFluxes' has both FORMAT and FORM_PTR attributes. Using FORMAT.
  FHDU_SectoredFluxUncertainties ISTP.FORMAT:
    Variable 'FHDU_SectoredFluxUncertainties' has both FORMAT and FORM_PTR attributes. Using FORMAT.
    Variable 'FHDU_SectoredFluxUncertainties' has both FORMAT and FORM_PTR attributes. Using FORMAT.
  FHeDU_SectoredFluxes ISTP.FORMAT:
    Variable 'FHeDU_SectoredFluxes' has both FORMAT and FORM_PTR attributes. Using FORMAT.
    Variable 'FHeDU_SectoredFluxes' has both FORMAT and FORM_PTR attributes. Using FORMAT.
  FHeDU_SectoredFluxUncertainties ISTP.FORMAT:
    Variable 'FHeDU_SectoredFluxUncertainties' has both FORMAT and FORM_PTR attributes. Using FORMAT.
    Variable 'FHeDU_SectoredFluxUncertainties' has both FORMAT and FORM_PTR attributes. Using FORMAT.
  FODU_SectoredFluxes ISTP.FORMAT:
    Variable 'FODU_SectoredFluxes' has both FORMAT and FORM_PTR attributes. Using FORMAT.
    Variable 'FODU_SectoredFluxes' has both FORMAT and FORM_PTR attributes. Using FORMAT.
  FODU_SectoredFluxUncertainties ISTP.FORMAT:
    Variable 'FODU_SectoredFluxUncertainties' has both FORMAT and FORM_PTR attributes. Using FORMAT.
    Variable 'FODU_SectoredFluxUncertainties' has both FORMAT and FORM_PTR attributes. Using FORMAT.
  FFeDU_SectoredFluxes ISTP.FORMAT:
    Variable 'FFeDU_SectoredFluxes' has both FORMAT and FORM_PTR attributes. Using FORMAT.
    Variable 'FFeDU_SectoredFluxes' has both FORMAT and FORM_PTR attributes. Using FORMAT.
  FFeDU_SectoredFluxUncertainties ISTP.FORMAT:
    Variable 'FFeDU_SectoredFluxUncertainties' has both FORMAT and FORM_PTR attributes. Using FORMAT.
    Variable 'FFeDU_SectoredFluxUncertainties' has both FORMAT and FORM_PTR attributes. Using FORMAT.
VOYAGER-1_LECP_LEV-2-SCAN-AVG:
  FEDU_ScanAveragedRates ISTP.FORMAT:
    Variable 'FEDU_ScanAveragedRates' has both FORMAT and FORM_PTR attributes. Using FORMAT.
    Variable 'FEDU_ScanAveragedRates' has both FORMAT and FORM_PTR attributes. Using FORMAT.
  FEDU_ScanAveragedFluxes ISTP.FORMAT:
    Variable 'FEDU_ScanAveragedFluxes' has both FORMAT and FORM_PTR attributes. Using FORMAT.
    Variable 'FEDU_ScanAveragedFluxes' has both FORMAT and FORM_PTR attributes. Using FORMAT.
  FEDU_RateUncertainties ISTP.FORMAT:
    Variable 'FEDU_RateUncertainties' has both FORMAT and FORM_PTR attributes. Using FORMAT.
    Variable 'FEDU_RateUncertainties' has both FORMAT and FORM_PTR attributes. Using FORMAT.
  FEDU_FluxUncertainties ISTP.FORMAT:
    Variable 'FEDU_FluxUncertainties' has both FORMAT and FORM_PTR attributes. Using FORMAT.
    Variable 'FEDU_FluxUncertainties' has both FORMAT and FORM_PTR attributes. Using FORMAT.
  FEsDU_ScanAveragedRates ISTP.FORMAT:
    Variable 'FEsDU_ScanAveragedRates' has both FORMAT and FORM_PTR attributes. Using FORMAT.
    Variable 'FEsDU_ScanAveragedRates' has both FORMAT and FORM_PTR attributes. Using FORMAT.
  FEsDU_ScanAveragedFluxes ISTP.FORMAT:
    Variable 'FEsDU_ScanAveragedFluxes' has both FORMAT and FORM_PTR attributes. Using FORMAT.
    Variable 'FEsDU_ScanAveragedFluxes' has both FORMAT and FORM_PTR attributes. Using FORMAT.
  FEsDU_RateUncertainties ISTP.FORMAT:
    Variable 'FEsDU_RateUncertainties' has both FORMAT and FORM_PTR attributes. Using FORMAT.
    Variable 'FEsDU_RateUncertainties' has both FORMAT and FORM_PTR attributes. Using FORMAT.
  FEsDU_FluxUncertainties ISTP.FORMAT:
    Variable 'FEsDU_FluxUncertainties' has both FORMAT and FORM_PTR attributes. Using FORMAT.
    Variable 'FEsDU_FluxUncertainties' has both FORMAT and FORM_PTR attributes. Using FORMAT.
  FHDU_ScanAveragedRates ISTP.FORMAT:
    Variable 'FHDU_ScanAveragedRates' has both FORMAT and FORM_PTR attributes. Using FORMAT.
    Variable 'FHDU_ScanAveragedRates' has both FORMAT and FORM_PTR attributes. Using FORMAT.
  FHDU_ScanAveragedFluxes ISTP.FORMAT:
    Variable 'FHDU_ScanAveragedFluxes' has both FORMAT and FORM_PTR attributes. Using FORMAT.
    Variable 'FHDU_ScanAveragedFluxes' has both FORMAT and FORM_PTR attributes. Using FORMAT.
  FHDU_RateUncertainties ISTP.FORMAT:
    Variable 'FHDU_RateUncertainties' has both FORMAT and FORM_PTR attributes. Using FORMAT.
    Variable 'FHDU_RateUncertainties' has both FORMAT and FORM_PTR attributes. Using FORMAT.
  FHDU_FluxUncertainties ISTP.FORMAT:
    Variable 'FHDU_FluxUncertainties' has both FORMAT and FORM_PTR attributes. Using FORMAT.
    Variable 'FHDU_FluxUncertainties' has both FORMAT and FORM_PTR attributes. Using FORMAT.
  FHeDU_ScanAveragedRates ISTP.FORMAT:
    Variable 'FHeDU_ScanAveragedRates' has both FORMAT and FORM_PTR attributes. Using FORMAT.
    Variable 'FHeDU_ScanAveragedRates' has both FORMAT and FORM_PTR attributes. Using FORMAT.
  FHeDU_ScanAveragedFluxes ISTP.FORMAT:
    Variable 'FHeDU_ScanAveragedFluxes' has both FORMAT and FORM_PTR attributes. Using FORMAT.
    Variable 'FHeDU_ScanAveragedFluxes' has both FORMAT and FORM_PTR attributes. Using FORMAT.
  FHeDU_RateUncertainties ISTP.FORMAT:
    Variable 'FHeDU_RateUncertainties' has both FORMAT and FORM_PTR attributes. Using FORMAT.
    Variable 'FHeDU_RateUncertainties' has both FORMAT and FORM_PTR attributes. Using FORMAT.
  FHeDU_FluxUncertainties ISTP.FORMAT:
    Variable 'FHeDU_FluxUncertainties' has both FORMAT and FORM_PTR attributes. Using FORMAT.
    Variable 'FHeDU_FluxUncertainties' has both FORMAT and FORM_PTR attributes. Using FORMAT.
  FODU_ScanAveragedRates ISTP.FORMAT:
    Variable 'FODU_ScanAveragedRates' has both FORMAT and FORM_PTR attributes. Using FORMAT.
    Variable 'FODU_ScanAveragedRates' has both FORMAT and FORM_PTR attributes. Using FORMAT.
  FODU_ScanAveragedFluxes ISTP.FORMAT:
    Variable 'FODU_ScanAveragedFluxes' has both FORMAT and FORM_PTR attributes. Using FORMAT.
    Variable 'FODU_ScanAveragedFluxes' has both FORMAT and FORM_PTR attributes. Using FORMAT.
  FODU_RateUncertainties ISTP.FORMAT:
    Variable 'FODU_RateUncertainties' has both FORMAT and FORM_PTR attributes. Using FORMAT.
    Variable 'FODU_RateUncertainties' has both FORMAT and FORM_PTR attributes. Using FORMAT.
  FODU_FluxUncertainties ISTP.FORMAT:
    Variable 'FODU_FluxUncertainties' has both FORMAT and FORM_PTR attributes. Using FORMAT.
    Variable 'FODU_FluxUncertainties' has both FORMAT and FORM_PTR attributes. Using FORMAT.
  FFeDU_ScanAveragedRates ISTP.FORMAT:
    Variable 'FFeDU_ScanAveragedRates' has both FORMAT and FORM_PTR attributes. Using FORMAT.
    Variable 'FFeDU_ScanAveragedRates' has both FORMAT and FORM_PTR attributes. Using FORMAT.
  FFeDU_ScanAveragedFluxes ISTP.FORMAT:
    Variable 'FFeDU_ScanAveragedFluxes' has both FORMAT and FORM_PTR attributes. Using FORMAT.
    Variable 'FFeDU_ScanAveragedFluxes' has both FORMAT and FORM_PTR attributes. Using FORMAT.
  FFeDU_RateUncertainties ISTP.FORMAT:
    Variable 'FFeDU_RateUncertainties' has both FORMAT and FORM_PTR attributes. Using FORMAT.
    Variable 'FFeDU_RateUncertainties' has both FORMAT and FORM_PTR attributes. Using FORMAT.
  FFeDU_FluxUncertainties ISTP.FORMAT:
    Variable 'FFeDU_FluxUncertainties' has both FORMAT and FORM_PTR attributes. Using FORMAT.
    Variable 'FFeDU_FluxUncertainties' has both FORMAT and FORM_PTR attributes. Using FORMAT.
VOYAGER-1_LECP_LEV-1-RATES:
  FEDU_SectoredRates ISTP.FORMAT:
    Variable 'FEDU_SectoredRates' has both FORMAT and FORM_PTR attributes. Using FORMAT.
    Variable 'FEDU_SectoredRates' has both FORMAT and FORM_PTR attributes. Using FORMAT.
  FEDU_SectoredRateUncertainties ISTP.FORMAT:
    Variable 'FEDU_SectoredRateUncertainties' has both FORMAT and FORM_PTR attributes. Using FORMAT.
    Variable 'FEDU_SectoredRateUncertainties' has both FORMAT and FORM_PTR attributes. Using FORMAT.
  FEsDU_SectoredRates ISTP.FORMAT:
    Variable 'FEsDU_SectoredRates' has both FORMAT and FORM_PTR attributes. Using FORMAT.
    Variable 'FEsDU_SectoredRates' has both FORMAT and FORM_PTR attributes. Using FORMAT.
  FEsDU_SectoredRateUncertainties ISTP.FORMAT:
    Variable 'FEsDU_SectoredRateUncertainties' has both FORMAT and FORM_PTR attributes. Using FORMAT.
    Variable 'FEsDU_SectoredRateUncertainties' has both FORMAT and FORM_PTR attributes. Using FORMAT.
  FHDU_SectoredRates ISTP.FORMAT:
    Variable 'FHDU_SectoredRates' has both FORMAT and FORM_PTR attributes. Using FORMAT.
    Variable 'FHDU_SectoredRates' has both FORMAT and FORM_PTR attributes. Using FORMAT.
  FHDU_SectoredRateUncertainties ISTP.FORMAT:
    Variable 'FHDU_SectoredRateUncertainties' has both FORMAT and FORM_PTR attributes. Using FORMAT.
    Variable 'FHDU_SectoredRateUncertainties' has both FORMAT and FORM_PTR attributes. Using FORMAT.
  FHeDU_SectoredRates ISTP.FORMAT:
    Variable 'FHeDU_SectoredRates' has both FORMAT and FORM_PTR attributes. Using FORMAT.
    Variable 'FHeDU_SectoredRates' has both FORMAT and FORM_PTR attributes. Using FORMAT.
  FHeDU_SectoredRateUncertainties ISTP.FORMAT:
    Variable 'FHeDU_SectoredRateUncertainties' has both FORMAT and FORM_PTR attributes. Using FORMAT.
    Variable 'FHeDU_SectoredRateUncertainties' has both FORMAT and FORM_PTR attributes. Using FORMAT.
  FODU_SectoredRates ISTP.FORMAT:
    Variable 'FODU_SectoredRates' has both FORMAT and FORM_PTR attributes. Using FORMAT.
    Variable 'FODU_SectoredRates' has both FORMAT and FORM_PTR attributes. Using FORMAT.
  FODU_SectoredRateUncertainties ISTP.FORMAT:
    Variable 'FODU_SectoredRateUncertainties' has both FORMAT and FORM_PTR attributes. Using FORMAT.
    Variable 'FODU_SectoredRateUncertainties' has both FORMAT and FORM_PTR attributes. Using FORMAT.
  FFeDU_SectoredRates ISTP.FORMAT:
    Variable 'FFeDU_SectoredRates' has both FORMAT and FORM_PTR attributes. Using FORMAT.
    Variable 'FFeDU_SectoredRates' has both FORMAT and FORM_PTR attributes. Using FORMAT.
  FFeDU_SectoredRateUncertainties ISTP.FORMAT:
    Variable 'FFeDU_SectoredRateUncertainties' has both FORMAT and FORM_PTR attributes. Using FORMAT.
    Variable 'FFeDU_SectoredRateUncertainties' has both FORMAT and FORM_PTR attributes. Using FORMAT.
  Singles_SectoredRates ISTP.FORMAT:
    Variable 'Singles_SectoredRates' has both FORMAT and FORM_PTR attributes. Using FORMAT.
    Variable 'Singles_SectoredRates' has both FORMAT and FORM_PTR attributes. Using FORMAT.
  Singles_SectoredRateUncertainties ISTP.FORMAT:
    Variable 'Singles_SectoredRateUncertainties' has both FORMAT and FORM_PTR attributes. Using FORMAT.
    Variable 'Singles_SectoredRateUncertainties' has both FORMAT and FORM_PTR attributes. Using FORMAT.
VOYAGER-2_LECP_LEV-2-DAILY-AVG:
  FEDU_SectoredFluxes ISTP.FORMAT:
    Variable 'FEDU_SectoredFluxes' has both FORMAT and FORM_PTR attributes. Using FORMAT.
    Variable 'FEDU_SectoredFluxes' has both FORMAT and FORM_PTR attributes. Using FORMAT.
  FEDU_SectoredFluxUncertainties ISTP.FORMAT:
    Variable 'FEDU_SectoredFluxUncertainties' has both FORMAT and FORM_PTR attributes. Using FORMAT.
    Variable 'FEDU_SectoredFluxUncertainties' has both FORMAT and FORM_PTR attributes. Using FORMAT.
  FEsDU_SectoredFluxes ISTP.FORMAT:
    Variable 'FEsDU_SectoredFluxes' has both FORMAT and FORM_PTR attributes. Using FORMAT.
    Variable 'FEsDU_SectoredFluxes' has both FORMAT and FORM_PTR attributes. Using FORMAT.
  FEsDU_SectoredFluxUncertainties ISTP.FORMAT:
    Variable 'FEsDU_SectoredFluxUncertainties' has both FORMAT and FORM_PTR attributes. Using FORMAT.
    Variable 'FEsDU_SectoredFluxUncertainties' has both FORMAT and FORM_PTR attributes. Using FORMAT.
  FHDU_SectoredFluxes ISTP.FORMAT:
    Variable 'FHDU_SectoredFluxes' has both FORMAT and FORM_PTR attributes. Using FORMAT.
    Variable 'FHDU_SectoredFluxes' has both FORMAT and FORM_PTR attributes. Using FORMAT.
  FHDU_SectoredFluxUncertainties ISTP.FORMAT:
    Variable 'FHDU_SectoredFluxUncertainties' has both FORMAT and FORM_PTR attributes. Using FORMAT.
    Variable 'FHDU_SectoredFluxUncertainties' has both FORMAT and FORM_PTR attributes. Using FORMAT.
  FHeDU_SectoredFluxes ISTP.FORMAT:
    Variable 'FHeDU_SectoredFluxes' has both FORMAT and FORM_PTR attributes. Using FORMAT.
    Variable 'FHeDU_SectoredFluxes' has both FORMAT and FORM_PTR attributes. Using FORMAT.
  FHeDU_SectoredFluxUncertainties ISTP.FORMAT:
    Variable 'FHeDU_SectoredFluxUncertainties' has both FORMAT and FORM_PTR attributes. Using FORMAT.
    Variable 'FHeDU_SectoredFluxUncertainties' has both FORMAT and FORM_PTR attributes. Using FORMAT.
  FODU_SectoredFluxes ISTP.FORMAT:
    Variable 'FODU_SectoredFluxes' has both FORMAT and FORM_PTR attributes. Using FORMAT.
    Variable 'FODU_SectoredFluxes' has both FORMAT and FORM_PTR attributes. Using FORMAT.
  FODU_SectoredFluxUncertainties ISTP.FORMAT:
    Variable 'FODU_SectoredFluxUncertainties' has both FORMAT and FORM_PTR attributes. Using FORMAT.
    Variable 'FODU_SectoredFluxUncertainties' has both FORMAT and FORM_PTR attributes. Using FORMAT.
  FFeDU_SectoredFluxes ISTP.FORMAT:
    Variable 'FFeDU_SectoredFluxes' has both FORMAT and FORM_PTR attributes. Using FORMAT.
    Variable 'FFeDU_SectoredFluxes' has both FORMAT and FORM_PTR attributes. Using FORMAT.
  FFeDU_SectoredFluxUncertainties ISTP.FORMAT:
    Variable 'FFeDU_SectoredFluxUncertainties' has both FORMAT and FORM_PTR attributes. Using FORMAT.
    Variable 'FFeDU_SectoredFluxUncertainties' has both FORMAT and FORM_PTR attributes. Using FORMAT.
VOYAGER-2_LECP_LEV-2-HOURLY-AVG:
  FEDU_SectoredFluxes ISTP.FORMAT:
    Variable 'FEDU_SectoredFluxes' has both FORMAT and FORM_PTR attributes. Using FORMAT.
    Variable 'FEDU_SectoredFluxes' has both FORMAT and FORM_PTR attributes. Using FORMAT.
  FEDU_SectoredFluxUncertainties ISTP.FORMAT:
    Variable 'FEDU_SectoredFluxUncertainties' has both FORMAT and FORM_PTR attributes. Using FORMAT.
    Variable 'FEDU_SectoredFluxUncertainties' has both FORMAT and FORM_PTR attributes. Using FORMAT.
  FEsDU_SectoredFluxes ISTP.FORMAT:
    Variable 'FEsDU_SectoredFluxes' has both FORMAT and FORM_PTR attributes. Using FORMAT.
    Variable 'FEsDU_SectoredFluxes' has both FORMAT and FORM_PTR attributes. Using FORMAT.
  FEsDU_SectoredFluxUncertainties ISTP.FORMAT:
    Variable 'FEsDU_SectoredFluxUncertainties' has both FORMAT and FORM_PTR attributes. Using FORMAT.
    Variable 'FEsDU_SectoredFluxUncertainties' has both FORMAT and FORM_PTR attributes. Using FORMAT.
  FHDU_SectoredFluxes ISTP.FORMAT:
    Variable 'FHDU_SectoredFluxes' has both FORMAT and FORM_PTR attributes. Using FORMAT.
    Variable 'FHDU_SectoredFluxes' has both FORMAT and FORM_PTR attributes. Using FORMAT.
  FHDU_SectoredFluxUncertainties ISTP.FORMAT:
    Variable 'FHDU_SectoredFluxUncertainties' has both FORMAT and FORM_PTR attributes. Using FORMAT.
    Variable 'FHDU_SectoredFluxUncertainties' has both FORMAT and FORM_PTR attributes. Using FORMAT.
  FHeDU_SectoredFluxes ISTP.FORMAT:
    Variable 'FHeDU_SectoredFluxes' has both FORMAT and FORM_PTR attributes. Using FORMAT.
    Variable 'FHeDU_SectoredFluxes' has both FORMAT and FORM_PTR attributes. Using FORMAT.
  FHeDU_SectoredFluxUncertainties ISTP.FORMAT:
    Variable 'FHeDU_SectoredFluxUncertainties' has both FORMAT and FORM_PTR attributes. Using FORMAT.
    Variable 'FHeDU_SectoredFluxUncertainties' has both FORMAT and FORM_PTR attributes. Using FORMAT.
  FODU_SectoredFluxes ISTP.FORMAT:
    Variable 'FODU_SectoredFluxes' has both FORMAT and FORM_PTR attributes. Using FORMAT.
    Variable 'FODU_SectoredFluxes' has both FORMAT and FORM_PTR attributes. Using FORMAT.
  FODU_SectoredFluxUncertainties ISTP.FORMAT:
    Variable 'FODU_SectoredFluxUncertainties' has both FORMAT and FORM_PTR attributes. Using FORMAT.
    Variable 'FODU_SectoredFluxUncertainties' has both FORMAT and FORM_PTR attributes. Using FORMAT.
  FFeDU_SectoredFluxes ISTP.FORMAT:
    Variable 'FFeDU_SectoredFluxes' has both FORMAT and FORM_PTR attributes. Using FORMAT.
    Variable 'FFeDU_SectoredFluxes' has both FORMAT and FORM_PTR attributes. Using FORMAT.
  FFeDU_SectoredFluxUncertainties ISTP.FORMAT:
    Variable 'FFeDU_SectoredFluxUncertainties' has both FORMAT and FORM_PTR attributes. Using FORMAT.
    Variable 'FFeDU_SectoredFluxUncertainties' has both FORMAT and FORM_PTR attributes. Using FORMAT.
VOYAGER-2_LECP_LEV-2-SCAN-AVG:
  FEDU_ScanAveragedRates ISTP.FORMAT:
    Variable 'FEDU_ScanAveragedRates' has both FORMAT and FORM_PTR attributes. Using FORMAT.
    Variable 'FEDU_ScanAveragedRates' has both FORMAT and FORM_PTR attributes. Using FORMAT.
  FEDU_ScanAveragedFluxes ISTP.FORMAT:
    Variable 'FEDU_ScanAveragedFluxes' has both FORMAT and FORM_PTR attributes. Using FORMAT.
    Variable 'FEDU_ScanAveragedFluxes' has both FORMAT and FORM_PTR attributes. Using FORMAT.
  FEDU_RateUncertainties ISTP.FORMAT:
    Variable 'FEDU_RateUncertainties' has both FORMAT and FORM_PTR attributes. Using FORMAT.
    Variable 'FEDU_RateUncertainties' has both FORMAT and FORM_PTR attributes. Using FORMAT.
  FEDU_FluxUncertainties ISTP.FORMAT:
    Variable 'FEDU_FluxUncertainties' has both FORMAT and FORM_PTR attributes. Using FORMAT.
    Variable 'FEDU_FluxUncertainties' has both FORMAT and FORM_PTR attributes. Using FORMAT.
  FEsDU_ScanAveragedRates ISTP.FORMAT:
    Variable 'FEsDU_ScanAveragedRates' has both FORMAT and FORM_PTR attributes. Using FORMAT.
    Variable 'FEsDU_ScanAveragedRates' has both FORMAT and FORM_PTR attributes. Using FORMAT.
  FEsDU_ScanAveragedFluxes ISTP.FORMAT:
    Variable 'FEsDU_ScanAveragedFluxes' has both FORMAT and FORM_PTR attributes. Using FORMAT.
    Variable 'FEsDU_ScanAveragedFluxes' has both FORMAT and FORM_PTR attributes. Using FORMAT.
  FEsDU_RateUncertainties ISTP.FORMAT:
    Variable 'FEsDU_RateUncertainties' has both FORMAT and FORM_PTR attributes. Using FORMAT.
    Variable 'FEsDU_RateUncertainties' has both FORMAT and FORM_PTR attributes. Using FORMAT.
  FEsDU_FluxUncertainties ISTP.FORMAT:
    Variable 'FEsDU_FluxUncertainties' has both FORMAT and FORM_PTR attributes. Using FORMAT.
    Variable 'FEsDU_FluxUncertainties' has both FORMAT and FORM_PTR attributes. Using FORMAT.
  FHDU_ScanAveragedRates ISTP.FORMAT:
    Variable 'FHDU_ScanAveragedRates' has both FORMAT and FORM_PTR attributes. Using FORMAT.
    Variable 'FHDU_ScanAveragedRates' has both FORMAT and FORM_PTR attributes. Using FORMAT.
  FHDU_ScanAveragedFluxes ISTP.FORMAT:
    Variable 'FHDU_ScanAveragedFluxes' has both FORMAT and FORM_PTR attributes. Using FORMAT.
    Variable 'FHDU_ScanAveragedFluxes' has both FORMAT and FORM_PTR attributes. Using FORMAT.
  FHDU_RateUncertainties ISTP.FORMAT:
    Variable 'FHDU_RateUncertainties' has both FORMAT and FORM_PTR attributes. Using FORMAT.
    Variable 'FHDU_RateUncertainties' has both FORMAT and FORM_PTR attributes. Using FORMAT.
  FHDU_FluxUncertainties ISTP.FORMAT:
    Variable 'FHDU_FluxUncertainties' has both FORMAT and FORM_PTR attributes. Using FORMAT.
    Variable 'FHDU_FluxUncertainties' has both FORMAT and FORM_PTR attributes. Using FORMAT.
  FHeDU_ScanAveragedRates ISTP.FORMAT:
    Variable 'FHeDU_ScanAveragedRates' has both FORMAT and FORM_PTR attributes. Using FORMAT.
    Variable 'FHeDU_ScanAveragedRates' has both FORMAT and FORM_PTR attributes. Using FORMAT.
  FHeDU_ScanAveragedFluxes ISTP.FORMAT:
    Variable 'FHeDU_ScanAveragedFluxes' has both FORMAT and FORM_PTR attributes. Using FORMAT.
    Variable 'FHeDU_ScanAveragedFluxes' has both FORMAT and FORM_PTR attributes. Using FORMAT.
  FHeDU_RateUncertainties ISTP.FORMAT:
    Variable 'FHeDU_RateUncertainties' has both FORMAT and FORM_PTR attributes. Using FORMAT.
    Variable 'FHeDU_RateUncertainties' has both FORMAT and FORM_PTR attributes. Using FORMAT.
  FHeDU_FluxUncertainties ISTP.FORMAT:
    Variable 'FHeDU_FluxUncertainties' has both FORMAT and FORM_PTR attributes. Using FORMAT.
    Variable 'FHeDU_FluxUncertainties' has both FORMAT and FORM_PTR attributes. Using FORMAT.
  FODU_ScanAveragedRates ISTP.FORMAT:
    Variable 'FODU_ScanAveragedRates' has both FORMAT and FORM_PTR attributes. Using FORMAT.
    Variable 'FODU_ScanAveragedRates' has both FORMAT and FORM_PTR attributes. Using FORMAT.
  FODU_ScanAveragedFluxes ISTP.FORMAT:
    Variable 'FODU_ScanAveragedFluxes' has both FORMAT and FORM_PTR attributes. Using FORMAT.
    Variable 'FODU_ScanAveragedFluxes' has both FORMAT and FORM_PTR attributes. Using FORMAT.
  FODU_RateUncertainties ISTP.FORMAT:
    Variable 'FODU_RateUncertainties' has both FORMAT and FORM_PTR attributes. Using FORMAT.
    Variable 'FODU_RateUncertainties' has both FORMAT and FORM_PTR attributes. Using FORMAT.
  FODU_FluxUncertainties ISTP.FORMAT:
    Variable 'FODU_FluxUncertainties' has both FORMAT and FORM_PTR attributes. Using FORMAT.
    Variable 'FODU_FluxUncertainties' has both FORMAT and FORM_PTR attributes. Using FORMAT.
  FFeDU_ScanAveragedRates ISTP.FORMAT:
    Variable 'FFeDU_ScanAveragedRates' has both FORMAT and FORM_PTR attributes. Using FORMAT.
    Variable 'FFeDU_ScanAveragedRates' has both FORMAT and FORM_PTR attributes. Using FORMAT.
  FFeDU_ScanAveragedFluxes ISTP.FORMAT:
    Variable 'FFeDU_ScanAveragedFluxes' has both FORMAT and FORM_PTR attributes. Using FORMAT.
    Variable 'FFeDU_ScanAveragedFluxes' has both FORMAT and FORM_PTR attributes. Using FORMAT.
  FFeDU_RateUncertainties ISTP.FORMAT:
    Variable 'FFeDU_RateUncertainties' has both FORMAT and FORM_PTR attributes. Using FORMAT.
    Variable 'FFeDU_RateUncertainties' has both FORMAT and FORM_PTR attributes. Using FORMAT.
  FFeDU_FluxUncertainties ISTP.FORMAT:
    Variable 'FFeDU_FluxUncertainties' has both FORMAT and FORM_PTR attributes. Using FORMAT.
    Variable 'FFeDU_FluxUncertainties' has both FORMAT and FORM_PTR attributes. Using FORMAT.
VOYAGER-2_LECP_LEV-1-RATES:
  FEDU_SectoredRates ISTP.FORMAT:
    Variable 'FEDU_SectoredRates' has both FORMAT and FORM_PTR attributes. Using FORMAT.
    Variable 'FEDU_SectoredRates' has both FORMAT and FORM_PTR attributes. Using FORMAT.
  FEDU_SectoredRateUncertainties ISTP.FORMAT:
    Variable 'FEDU_SectoredRateUncertainties' has both FORMAT and FORM_PTR attributes. Using FORMAT.
    Variable 'FEDU_SectoredRateUncertainties' has both FORMAT and FORM_PTR attributes. Using FORMAT.
  FEsDU_SectoredRates ISTP.FORMAT:
    Variable 'FEsDU_SectoredRates' has both FORMAT and FORM_PTR attributes. Using FORMAT.
    Variable 'FEsDU_SectoredRates' has both FORMAT and FORM_PTR attributes. Using FORMAT.
  FEsDU_SectoredRateUncertainties ISTP.FORMAT:
    Variable 'FEsDU_SectoredRateUncertainties' has both FORMAT and FORM_PTR attributes. Using FORMAT.
    Variable 'FEsDU_SectoredRateUncertainties' has both FORMAT and FORM_PTR attributes. Using FORMAT.
  FHDU_SectoredRates ISTP.FORMAT:
    Variable 'FHDU_SectoredRates' has both FORMAT and FORM_PTR attributes. Using FORMAT.
    Variable 'FHDU_SectoredRates' has both FORMAT and FORM_PTR attributes. Using FORMAT.
  FHDU_SectoredRateUncertainties ISTP.FORMAT:
    Variable 'FHDU_SectoredRateUncertainties' has both FORMAT and FORM_PTR attributes. Using FORMAT.
    Variable 'FHDU_SectoredRateUncertainties' has both FORMAT and FORM_PTR attributes. Using FORMAT.
  FHeDU_SectoredRates ISTP.FORMAT:
    Variable 'FHeDU_SectoredRates' has both FORMAT and FORM_PTR attributes. Using FORMAT.
    Variable 'FHeDU_SectoredRates' has both FORMAT and FORM_PTR attributes. Using FORMAT.
  FHeDU_SectoredRateUncertainties ISTP.FORMAT:
    Variable 'FHeDU_SectoredRateUncertainties' has both FORMAT and FORM_PTR attributes. Using FORMAT.
    Variable 'FHeDU_SectoredRateUncertainties' has both FORMAT and FORM_PTR attributes. Using FORMAT.
  FODU_SectoredRates ISTP.FORMAT:
    Variable 'FODU_SectoredRates' has both FORMAT and FORM_PTR attributes. Using FORMAT.
    Variable 'FODU_SectoredRates' has both FORMAT and FORM_PTR attributes. Using FORMAT.
  FODU_SectoredRateUncertainties ISTP.FORMAT:
    Variable 'FODU_SectoredRateUncertainties' has both FORMAT and FORM_PTR attributes. Using FORMAT.
    Variable 'FODU_SectoredRateUncertainties' has both FORMAT and FORM_PTR attributes. Using FORMAT.
  FFeDU_SectoredRates ISTP.FORMAT:
    Variable 'FFeDU_SectoredRates' has both FORMAT and FORM_PTR attributes. Using FORMAT.
    Variable 'FFeDU_SectoredRates' has both FORMAT and FORM_PTR attributes. Using FORMAT.
  FFeDU_SectoredRateUncertainties ISTP.FORMAT:
    Variable 'FFeDU_SectoredRateUncertainties' has both FORMAT and FORM_PTR attributes. Using FORMAT.
    Variable 'FFeDU_SectoredRateUncertainties' has both FORMAT and FORM_PTR attributes. Using FORMAT.
  Singles_SectoredRates ISTP.FORMAT:
    Variable 'Singles_SectoredRates' has both FORMAT and FORM_PTR attributes. Using FORMAT.
    Variable 'Singles_SectoredRates' has both FORMAT and FORM_PTR attributes. Using FORMAT.
  Singles_SectoredRateUncertainties ISTP.FORMAT:
    Variable 'Singles_SectoredRateUncertainties' has both FORMAT and FORM_PTR attributes. Using FORMAT.
    Variable 'Singles_SectoredRateUncertainties' has both FORMAT and FORM_PTR attributes. Using FORMAT.