C1_CP_RAP_E3DD:
  DELTA_PLUS_Dimension_E__C1_CP_RAP_E3DD: CDF.WrongFillType: DELTA_PLUS_Dimension_E__C1_CP_RAP_E3DD: FILLVAL = '0.0' is string but DataType = CDF_DOUBLE is not on of ['CDF_CHAR', 'CDF_UCHAR', 'CDF_EPOCH', 'CDF_EPOCH16', 'CDF_TIME_TT2000']. Removing variable from dataset.
C2_CP_RAP_E3DD:
  DELTA_PLUS_Dimension_E__C2_CP_RAP_E3DD: CDF.WrongFillType: DELTA_PLUS_Dimension_E__C2_CP_RAP_E3DD: FILLVAL = '0.0' is string but DataType = CDF_DOUBLE is not on of ['CDF_CHAR', 'CDF_UCHAR', 'CDF_EPOCH', 'CDF_EPOCH16', 'CDF_TIME_TT2000']. Removing variable from dataset.
C3_CP_RAP_E3DD:
  DELTA_PLUS_Dimension_E__C3_CP_RAP_E3DD: CDF.WrongFillType: DELTA_PLUS_Dimension_E__C3_CP_RAP_E3DD: FILLVAL = '0.0' is string but DataType = CDF_DOUBLE is not on of ['CDF_CHAR', 'CDF_UCHAR', 'CDF_EPOCH', 'CDF_EPOCH16', 'CDF_TIME_TT2000']. Removing variable from dataset.
C4_CP_RAP_E3DD:
  DELTA_PLUS_Dimension_E__C4_CP_RAP_E3DD: CDF.WrongFillType: DELTA_PLUS_Dimension_E__C4_CP_RAP_E3DD: FILLVAL = '0.0' is string but DataType = CDF_DOUBLE is not on of ['CDF_CHAR', 'CDF_UCHAR', 'CDF_EPOCH', 'CDF_EPOCH16', 'CDF_TIME_TT2000']. Removing variable from dataset.
C1_CP_RAP_ESPCT6:
  DELTA_PLUS_Dimension_E__C1_CP_RAP_ESPCT6: CDF.WrongFillType: DELTA_PLUS_Dimension_E__C1_CP_RAP_ESPCT6: FILLVAL = '0.0' is string but DataType = CDF_DOUBLE is not on of ['CDF_CHAR', 'CDF_UCHAR', 'CDF_EPOCH', 'CDF_EPOCH16', 'CDF_TIME_TT2000']. Removing variable from dataset.
C2_CP_RAP_ESPCT6:
  DELTA_PLUS_Dimension_E__C2_CP_RAP_ESPCT6: CDF.WrongFillType: DELTA_PLUS_Dimension_E__C2_CP_RAP_ESPCT6: FILLVAL = '0.0' is string but DataType = CDF_DOUBLE is not on of ['CDF_CHAR', 'CDF_UCHAR', 'CDF_EPOCH', 'CDF_EPOCH16', 'CDF_TIME_TT2000']. Removing variable from dataset.
C3_CP_RAP_ESPCT6:
  DELTA_PLUS_Dimension_E__C3_CP_RAP_ESPCT6: CDF.WrongFillType: DELTA_PLUS_Dimension_E__C3_CP_RAP_ESPCT6: FILLVAL = '0.0' is string but DataType = CDF_DOUBLE is not on of ['CDF_CHAR', 'CDF_UCHAR', 'CDF_EPOCH', 'CDF_EPOCH16', 'CDF_TIME_TT2000']. Removing variable from dataset.
C4_CP_RAP_ESPCT6:
  DELTA_PLUS_Dimension_E__C4_CP_RAP_ESPCT6: CDF.WrongFillType: DELTA_PLUS_Dimension_E__C4_CP_RAP_ESPCT6: FILLVAL = '0.0' is string but DataType = CDF_DOUBLE is not on of ['CDF_CHAR', 'CDF_UCHAR', 'CDF_EPOCH', 'CDF_EPOCH16', 'CDF_TIME_TT2000']. Removing variable from dataset.
C1_CP_RAP_HSPCT:
  DELTA_PLUS_Dimension_E__C1_CP_RAP_HSPCT: CDF.WrongFillType: DELTA_PLUS_Dimension_E__C1_CP_RAP_HSPCT: FILLVAL = '0.0' is string but DataType = CDF_DOUBLE is not on of ['CDF_CHAR', 'CDF_UCHAR', 'CDF_EPOCH', 'CDF_EPOCH16', 'CDF_TIME_TT2000']. Removing variable from dataset.
C2_CP_RAP_HSPCT:
  DELTA_PLUS_Dimension_E__C2_CP_RAP_HSPCT: CDF.WrongFillType: DELTA_PLUS_Dimension_E__C2_CP_RAP_HSPCT: FILLVAL = '0.0' is string but DataType = CDF_DOUBLE is not on of ['CDF_CHAR', 'CDF_UCHAR', 'CDF_EPOCH', 'CDF_EPOCH16', 'CDF_TIME_TT2000']. Removing variable from dataset.
C3_CP_RAP_HSPCT:
  DELTA_PLUS_Dimension_E__C3_CP_RAP_HSPCT: CDF.WrongFillType: DELTA_PLUS_Dimension_E__C3_CP_RAP_HSPCT: FILLVAL = '0.0' is string but DataType = CDF_DOUBLE is not on of ['CDF_CHAR', 'CDF_UCHAR', 'CDF_EPOCH', 'CDF_EPOCH16', 'CDF_TIME_TT2000']. Removing variable from dataset.
C4_CP_RAP_HSPCT:
  DELTA_PLUS_Dimension_E__C4_CP_RAP_HSPCT: CDF.WrongFillType: DELTA_PLUS_Dimension_E__C4_CP_RAP_HSPCT: FILLVAL = '0.0' is string but DataType = CDF_DOUBLE is not on of ['CDF_CHAR', 'CDF_UCHAR', 'CDF_EPOCH', 'CDF_EPOCH16', 'CDF_TIME_TT2000']. Removing variable from dataset.
C1_CP_RAP_I3DM_CNO:
  DELTA_PLUS_Dimension_E__C1_CP_RAP_I3DM_CNO: CDF.WrongFillType: DELTA_PLUS_Dimension_E__C1_CP_RAP_I3DM_CNO: FILLVAL = '0.0' is string but DataType = CDF_DOUBLE is not on of ['CDF_CHAR', 'CDF_UCHAR', 'CDF_EPOCH', 'CDF_EPOCH16', 'CDF_TIME_TT2000']. Removing variable from dataset.
C2_CP_RAP_I3DM_CNO:
  DELTA_PLUS_Dimension_E__C2_CP_RAP_I3DM_CNO: CDF.WrongFillType: DELTA_PLUS_Dimension_E__C2_CP_RAP_I3DM_CNO: FILLVAL = '0.0' is string but DataType = CDF_DOUBLE is not on of ['CDF_CHAR', 'CDF_UCHAR', 'CDF_EPOCH', 'CDF_EPOCH16', 'CDF_TIME_TT2000']. Removing variable from dataset.
C3_CP_RAP_I3DM_CNO:
  DELTA_PLUS_Dimension_E__C3_CP_RAP_I3DM_CNO: CDF.WrongFillType: DELTA_PLUS_Dimension_E__C3_CP_RAP_I3DM_CNO: FILLVAL = '0.0' is string but DataType = CDF_DOUBLE is not on of ['CDF_CHAR', 'CDF_UCHAR', 'CDF_EPOCH', 'CDF_EPOCH16', 'CDF_TIME_TT2000']. Removing variable from dataset.
C4_CP_RAP_I3DM_CNO:
  DELTA_PLUS_Dimension_E__C4_CP_RAP_I3DM_CNO: CDF.WrongFillType: DELTA_PLUS_Dimension_E__C4_CP_RAP_I3DM_CNO: FILLVAL = '0.0' is string but DataType = CDF_DOUBLE is not on of ['CDF_CHAR', 'CDF_UCHAR', 'CDF_EPOCH', 'CDF_EPOCH16', 'CDF_TIME_TT2000']. Removing variable from dataset.
C1_CP_RAP_I3DM_H:
  DELTA_PLUS_Dimension_E__C1_CP_RAP_I3DM_H: CDF.WrongFillType: DELTA_PLUS_Dimension_E__C1_CP_RAP_I3DM_H: FILLVAL = '0.0' is string but DataType = CDF_DOUBLE is not on of ['CDF_CHAR', 'CDF_UCHAR', 'CDF_EPOCH', 'CDF_EPOCH16', 'CDF_TIME_TT2000']. Removing variable from dataset.
C2_CP_RAP_I3DM_H:
  DELTA_PLUS_Dimension_E__C2_CP_RAP_I3DM_H: CDF.WrongFillType: DELTA_PLUS_Dimension_E__C2_CP_RAP_I3DM_H: FILLVAL = '0.0' is string but DataType = CDF_DOUBLE is not on of ['CDF_CHAR', 'CDF_UCHAR', 'CDF_EPOCH', 'CDF_EPOCH16', 'CDF_TIME_TT2000']. Removing variable from dataset.
C3_CP_RAP_I3DM_H:
  DELTA_PLUS_Dimension_E__C3_CP_RAP_I3DM_H: CDF.WrongFillType: DELTA_PLUS_Dimension_E__C3_CP_RAP_I3DM_H: FILLVAL = '0.0' is string but DataType = CDF_DOUBLE is not on of ['CDF_CHAR', 'CDF_UCHAR', 'CDF_EPOCH', 'CDF_EPOCH16', 'CDF_TIME_TT2000']. Removing variable from dataset.
C4_CP_RAP_I3DM_H:
  DELTA_PLUS_Dimension_E__C4_CP_RAP_I3DM_H: CDF.WrongFillType: DELTA_PLUS_Dimension_E__C4_CP_RAP_I3DM_H: FILLVAL = '0.0' is string but DataType = CDF_DOUBLE is not on of ['CDF_CHAR', 'CDF_UCHAR', 'CDF_EPOCH', 'CDF_EPOCH16', 'CDF_TIME_TT2000']. Removing variable from dataset.
C1_CP_RAP_I3DM_HE:
  DELTA_PLUS_Dimension_E__C1_CP_RAP_I3DM_He: CDF.WrongFillType: DELTA_PLUS_Dimension_E__C1_CP_RAP_I3DM_He: FILLVAL = '0.0' is string but DataType = CDF_DOUBLE is not on of ['CDF_CHAR', 'CDF_UCHAR', 'CDF_EPOCH', 'CDF_EPOCH16', 'CDF_TIME_TT2000']. Removing variable from dataset.
C2_CP_RAP_I3DM_HE:
  DELTA_PLUS_Dimension_E__C2_CP_RAP_I3DM_He: CDF.WrongFillType: DELTA_PLUS_Dimension_E__C2_CP_RAP_I3DM_He: FILLVAL = '0.0' is string but DataType = CDF_DOUBLE is not on of ['CDF_CHAR', 'CDF_UCHAR', 'CDF_EPOCH', 'CDF_EPOCH16', 'CDF_TIME_TT2000']. Removing variable from dataset.
C3_CP_RAP_I3DM_HE:
  DELTA_PLUS_Dimension_E__C3_CP_RAP_I3DM_He: CDF.WrongFillType: DELTA_PLUS_Dimension_E__C3_CP_RAP_I3DM_He: FILLVAL = '0.0' is string but DataType = CDF_DOUBLE is not on of ['CDF_CHAR', 'CDF_UCHAR', 'CDF_EPOCH', 'CDF_EPOCH16', 'CDF_TIME_TT2000']. Removing variable from dataset.
C4_CP_RAP_I3DM_HE:
  DELTA_PLUS_Dimension_E__C4_CP_RAP_I3DM_He: CDF.WrongFillType: DELTA_PLUS_Dimension_E__C4_CP_RAP_I3DM_He: FILLVAL = '0.0' is string but DataType = CDF_DOUBLE is not on of ['CDF_CHAR', 'CDF_UCHAR', 'CDF_EPOCH', 'CDF_EPOCH16', 'CDF_TIME_TT2000']. Removing variable from dataset.
C1_CP_RAP_ISPCT_CNO:
  DELTA_PLUS_Dimension_E__C1_CP_RAP_ISPCT_CNO: CDF.WrongFillType: DELTA_PLUS_Dimension_E__C1_CP_RAP_ISPCT_CNO: FILLVAL = '0.0' is string but DataType = CDF_DOUBLE is not on of ['CDF_CHAR', 'CDF_UCHAR', 'CDF_EPOCH', 'CDF_EPOCH16', 'CDF_TIME_TT2000']. Removing variable from dataset.
C2_CP_RAP_ISPCT_CNO:
  DELTA_PLUS_Dimension_E__C2_CP_RAP_ISPCT_CNO: CDF.WrongFillType: DELTA_PLUS_Dimension_E__C2_CP_RAP_ISPCT_CNO: FILLVAL = '0.0' is string but DataType = CDF_DOUBLE is not on of ['CDF_CHAR', 'CDF_UCHAR', 'CDF_EPOCH', 'CDF_EPOCH16', 'CDF_TIME_TT2000']. Removing variable from dataset.
C3_CP_RAP_ISPCT_CNO:
  DELTA_PLUS_Dimension_E__C3_CP_RAP_ISPCT_CNO: CDF.WrongFillType: DELTA_PLUS_Dimension_E__C3_CP_RAP_ISPCT_CNO: FILLVAL = '0.0' is string but DataType = CDF_DOUBLE is not on of ['CDF_CHAR', 'CDF_UCHAR', 'CDF_EPOCH', 'CDF_EPOCH16', 'CDF_TIME_TT2000']. Removing variable from dataset.
C4_CP_RAP_ISPCT_CNO:
  DELTA_PLUS_Dimension_E__C4_CP_RAP_ISPCT_CNO: CDF.WrongFillType: DELTA_PLUS_Dimension_E__C4_CP_RAP_ISPCT_CNO: FILLVAL = '0.0' is string but DataType = CDF_DOUBLE is not on of ['CDF_CHAR', 'CDF_UCHAR', 'CDF_EPOCH', 'CDF_EPOCH16', 'CDF_TIME_TT2000']. Removing variable from dataset.
C1_CP_RAP_ISPCT_HE:
  DELTA_PLUS_Dimension_E__C1_CP_RAP_ISPCT_He: CDF.WrongFillType: DELTA_PLUS_Dimension_E__C1_CP_RAP_ISPCT_He: FILLVAL = '0.0' is string but DataType = CDF_DOUBLE is not on of ['CDF_CHAR', 'CDF_UCHAR', 'CDF_EPOCH', 'CDF_EPOCH16', 'CDF_TIME_TT2000']. Removing variable from dataset.
C2_CP_RAP_ISPCT_HE:
  DELTA_PLUS_Dimension_E__C2_CP_RAP_ISPCT_He: CDF.WrongFillType: DELTA_PLUS_Dimension_E__C2_CP_RAP_ISPCT_He: FILLVAL = '0.0' is string but DataType = CDF_DOUBLE is not on of ['CDF_CHAR', 'CDF_UCHAR', 'CDF_EPOCH', 'CDF_EPOCH16', 'CDF_TIME_TT2000']. Removing variable from dataset.
C3_CP_RAP_ISPCT_HE:
  DELTA_PLUS_Dimension_E__C3_CP_RAP_ISPCT_He: CDF.WrongFillType: DELTA_PLUS_Dimension_E__C3_CP_RAP_ISPCT_He: FILLVAL = '0.0' is string but DataType = CDF_DOUBLE is not on of ['CDF_CHAR', 'CDF_UCHAR', 'CDF_EPOCH', 'CDF_EPOCH16', 'CDF_TIME_TT2000']. Removing variable from dataset.
C4_CP_RAP_ISPCT_HE:
  DELTA_PLUS_Dimension_E__C4_CP_RAP_ISPCT_He: CDF.WrongFillType: DELTA_PLUS_Dimension_E__C4_CP_RAP_ISPCT_He: FILLVAL = '0.0' is string but DataType = CDF_DOUBLE is not on of ['CDF_CHAR', 'CDF_UCHAR', 'CDF_EPOCH', 'CDF_EPOCH16', 'CDF_TIME_TT2000']. Removing variable from dataset.
C1_CP_RAP_L3DD:
  DELTA_PLUS_Dimension_E__C1_CP_RAP_L3DD: CDF.WrongFillType: DELTA_PLUS_Dimension_E__C1_CP_RAP_L3DD: FILLVAL = '0.0' is string but DataType = CDF_DOUBLE is not on of ['CDF_CHAR', 'CDF_UCHAR', 'CDF_EPOCH', 'CDF_EPOCH16', 'CDF_TIME_TT2000']. Removing variable from dataset.
C2_CP_RAP_L3DD:
  DELTA_PLUS_Dimension_E__C2_CP_RAP_L3DD: CDF.WrongFillType: DELTA_PLUS_Dimension_E__C2_CP_RAP_L3DD: FILLVAL = '0.0' is string but DataType = CDF_DOUBLE is not on of ['CDF_CHAR', 'CDF_UCHAR', 'CDF_EPOCH', 'CDF_EPOCH16', 'CDF_TIME_TT2000']. Removing variable from dataset.
C3_CP_RAP_L3DD:
  DELTA_PLUS_Dimension_E__C3_CP_RAP_L3DD: CDF.WrongFillType: DELTA_PLUS_Dimension_E__C3_CP_RAP_L3DD: FILLVAL = '0.0' is string but DataType = CDF_DOUBLE is not on of ['CDF_CHAR', 'CDF_UCHAR', 'CDF_EPOCH', 'CDF_EPOCH16', 'CDF_TIME_TT2000']. Removing variable from dataset.
C4_CP_RAP_L3DD:
  DELTA_PLUS_Dimension_E__C4_CP_RAP_L3DD: CDF.WrongFillType: DELTA_PLUS_Dimension_E__C4_CP_RAP_L3DD: FILLVAL = '0.0' is string but DataType = CDF_DOUBLE is not on of ['CDF_CHAR', 'CDF_UCHAR', 'CDF_EPOCH', 'CDF_EPOCH16', 'CDF_TIME_TT2000']. Removing variable from dataset.
C1_CP_RAP_PAD_CNO:
  DELTA_PLUS_Dimension_E__C1_CP_RAP_PAD_CNO: CDF.WrongFillType: DELTA_PLUS_Dimension_E__C1_CP_RAP_PAD_CNO: FILLVAL = '0.0' is string but DataType = CDF_DOUBLE is not on of ['CDF_CHAR', 'CDF_UCHAR', 'CDF_EPOCH', 'CDF_EPOCH16', 'CDF_TIME_TT2000']. Removing variable from dataset.
C3_CP_RAP_PAD_CNO:
  DELTA_PLUS_Dimension_E__C3_CP_RAP_PAD_CNO: CDF.WrongFillType: DELTA_PLUS_Dimension_E__C3_CP_RAP_PAD_CNO: FILLVAL = '0.0' is string but DataType = CDF_DOUBLE is not on of ['CDF_CHAR', 'CDF_UCHAR', 'CDF_EPOCH', 'CDF_EPOCH16', 'CDF_TIME_TT2000']. Removing variable from dataset.
C4_CP_RAP_PAD_CNO:
  DELTA_PLUS_Dimension_E__C4_CP_RAP_PAD_CNO: CDF.WrongFillType: DELTA_PLUS_Dimension_E__C4_CP_RAP_PAD_CNO: FILLVAL = '0.0' is string but DataType = CDF_DOUBLE is not on of ['CDF_CHAR', 'CDF_UCHAR', 'CDF_EPOCH', 'CDF_EPOCH16', 'CDF_TIME_TT2000']. Removing variable from dataset.
C1_CP_RAP_PAD_E3DD:
  DELTA_PLUS_Dimension_E__C1_CP_RAP_PAD_E3DD: CDF.WrongFillType: DELTA_PLUS_Dimension_E__C1_CP_RAP_PAD_E3DD: FILLVAL = '0.0' is string but DataType = CDF_DOUBLE is not on of ['CDF_CHAR', 'CDF_UCHAR', 'CDF_EPOCH', 'CDF_EPOCH16', 'CDF_TIME_TT2000']. Removing variable from dataset.
C2_CP_RAP_PAD_E3DD:
  DELTA_PLUS_Dimension_E__C2_CP_RAP_PAD_E3DD: CDF.WrongFillType: DELTA_PLUS_Dimension_E__C2_CP_RAP_PAD_E3DD: FILLVAL = '0.0' is string but DataType = CDF_DOUBLE is not on of ['CDF_CHAR', 'CDF_UCHAR', 'CDF_EPOCH', 'CDF_EPOCH16', 'CDF_TIME_TT2000']. Removing variable from dataset.
C3_CP_RAP_PAD_E3DD:
  DELTA_PLUS_Dimension_E__C3_CP_RAP_PAD_E3DD: CDF.WrongFillType: DELTA_PLUS_Dimension_E__C3_CP_RAP_PAD_E3DD: FILLVAL = '0.0' is string but DataType = CDF_DOUBLE is not on of ['CDF_CHAR', 'CDF_UCHAR', 'CDF_EPOCH', 'CDF_EPOCH16', 'CDF_TIME_TT2000']. Removing variable from dataset.
C4_CP_RAP_PAD_E3DD:
  DELTA_PLUS_Dimension_E__C4_CP_RAP_PAD_E3DD: CDF.WrongFillType: DELTA_PLUS_Dimension_E__C4_CP_RAP_PAD_E3DD: FILLVAL = '0.0' is string but DataType = CDF_DOUBLE is not on of ['CDF_CHAR', 'CDF_UCHAR', 'CDF_EPOCH', 'CDF_EPOCH16', 'CDF_TIME_TT2000']. Removing variable from dataset.
C1_CP_RAP_PAD_H:
  DELTA_PLUS_Dimension_E__C1_CP_RAP_PAD_H: CDF.WrongFillType: DELTA_PLUS_Dimension_E__C1_CP_RAP_PAD_H: FILLVAL = '0.0' is string but DataType = CDF_DOUBLE is not on of ['CDF_CHAR', 'CDF_UCHAR', 'CDF_EPOCH', 'CDF_EPOCH16', 'CDF_TIME_TT2000']. Removing variable from dataset.
C2_CP_RAP_PAD_H:
  DELTA_PLUS_Dimension_E__C2_CP_RAP_PAD_H: CDF.WrongFillType: DELTA_PLUS_Dimension_E__C2_CP_RAP_PAD_H: FILLVAL = '0.0' is string but DataType = CDF_DOUBLE is not on of ['CDF_CHAR', 'CDF_UCHAR', 'CDF_EPOCH', 'CDF_EPOCH16', 'CDF_TIME_TT2000']. Removing variable from dataset.
C3_CP_RAP_PAD_H:
  DELTA_PLUS_Dimension_E__C3_CP_RAP_PAD_H: CDF.WrongFillType: DELTA_PLUS_Dimension_E__C3_CP_RAP_PAD_H: FILLVAL = '0.0' is string but DataType = CDF_DOUBLE is not on of ['CDF_CHAR', 'CDF_UCHAR', 'CDF_EPOCH', 'CDF_EPOCH16', 'CDF_TIME_TT2000']. Removing variable from dataset.
C4_CP_RAP_PAD_H:
  DELTA_PLUS_Dimension_E__C4_CP_RAP_PAD_H: CDF.WrongFillType: DELTA_PLUS_Dimension_E__C4_CP_RAP_PAD_H: FILLVAL = '0.0' is string but DataType = CDF_DOUBLE is not on of ['CDF_CHAR', 'CDF_UCHAR', 'CDF_EPOCH', 'CDF_EPOCH16', 'CDF_TIME_TT2000']. Removing variable from dataset.
C1_CP_RAP_PAD_HE:
  DELTA_PLUS_Dimension_E__C1_CP_RAP_PAD_He: CDF.WrongFillType: DELTA_PLUS_Dimension_E__C1_CP_RAP_PAD_He: FILLVAL = '0.0' is string but DataType = CDF_DOUBLE is not on of ['CDF_CHAR', 'CDF_UCHAR', 'CDF_EPOCH', 'CDF_EPOCH16', 'CDF_TIME_TT2000']. Removing variable from dataset.
C2_CP_RAP_PAD_HE:
  DELTA_PLUS_Dimension_E__C2_CP_RAP_PAD_He: CDF.WrongFillType: DELTA_PLUS_Dimension_E__C2_CP_RAP_PAD_He: FILLVAL = '0.0' is string but DataType = CDF_DOUBLE is not on of ['CDF_CHAR', 'CDF_UCHAR', 'CDF_EPOCH', 'CDF_EPOCH16', 'CDF_TIME_TT2000']. Removing variable from dataset.
C3_CP_RAP_PAD_HE:
  DELTA_PLUS_Dimension_E__C3_CP_RAP_PAD_He: CDF.WrongFillType: DELTA_PLUS_Dimension_E__C3_CP_RAP_PAD_He: FILLVAL = '0.0' is string but DataType = CDF_DOUBLE is not on of ['CDF_CHAR', 'CDF_UCHAR', 'CDF_EPOCH', 'CDF_EPOCH16', 'CDF_TIME_TT2000']. Removing variable from dataset.
C4_CP_RAP_PAD_HE:
  DELTA_PLUS_Dimension_E__C4_CP_RAP_PAD_He: CDF.WrongFillType: DELTA_PLUS_Dimension_E__C4_CP_RAP_PAD_He: FILLVAL = '0.0' is string but DataType = CDF_DOUBLE is not on of ['CDF_CHAR', 'CDF_UCHAR', 'CDF_EPOCH', 'CDF_EPOCH16', 'CDF_TIME_TT2000']. Removing variable from dataset.
C1_CP_RAP_PAD_L3DD:
  DELTA_PLUS_Dimension_E__C1_CP_RAP_PAD_L3DD: CDF.WrongFillType: DELTA_PLUS_Dimension_E__C1_CP_RAP_PAD_L3DD: FILLVAL = '0.0' is string but DataType = CDF_DOUBLE is not on of ['CDF_CHAR', 'CDF_UCHAR', 'CDF_EPOCH', 'CDF_EPOCH16', 'CDF_TIME_TT2000']. Removing variable from dataset.
C2_CP_RAP_PAD_L3DD:
  DELTA_PLUS_Dimension_E__C2_CP_RAP_PAD_L3DD: CDF.WrongFillType: DELTA_PLUS_Dimension_E__C2_CP_RAP_PAD_L3DD: FILLVAL = '0.0' is string but DataType = CDF_DOUBLE is not on of ['CDF_CHAR', 'CDF_UCHAR', 'CDF_EPOCH', 'CDF_EPOCH16', 'CDF_TIME_TT2000']. Removing variable from dataset.
C3_CP_RAP_PAD_L3DD:
  DELTA_PLUS_Dimension_E__C3_CP_RAP_PAD_L3DD: CDF.WrongFillType: DELTA_PLUS_Dimension_E__C3_CP_RAP_PAD_L3DD: FILLVAL = '0.0' is string but DataType = CDF_DOUBLE is not on of ['CDF_CHAR', 'CDF_UCHAR', 'CDF_EPOCH', 'CDF_EPOCH16', 'CDF_TIME_TT2000']. Removing variable from dataset.
C4_CP_RAP_PAD_L3DD:
  DELTA_PLUS_Dimension_E__C4_CP_RAP_PAD_L3DD: CDF.WrongFillType: DELTA_PLUS_Dimension_E__C4_CP_RAP_PAD_L3DD: FILLVAL = '0.0' is string but DataType = CDF_DOUBLE is not on of ['CDF_CHAR', 'CDF_UCHAR', 'CDF_EPOCH', 'CDF_EPOCH16', 'CDF_TIME_TT2000']. Removing variable from dataset.
ELA_L1_STATE_PRED:
  ela_att_solution_date: CDF.WrongFillType: ela_att_solution_date: FILLVAL = '9999-12-31T23:59:59.999999999' is string but DataType = CDF_REAL4 is not on of ['CDF_CHAR', 'CDF_UCHAR', 'CDF_EPOCH', 'CDF_EPOCH16', 'CDF_TIME_TT2000']. Removing variable from dataset.
ELB_L1_STATE_PRED:
  elb_att_solution_date: CDF.WrongFillType: elb_att_solution_date: FILLVAL = '9999-12-31T23:59:59.999999999' is string but DataType = CDF_REAL4 is not on of ['CDF_CHAR', 'CDF_UCHAR', 'CDF_EPOCH', 'CDF_EPOCH16', 'CDF_TIME_TT2000']. Removing variable from dataset.
ERG_MEPE_L2_OMNIFLUX:
  FEDO_Energy: CDF.WrongFillType: FEDO_Energy: FILLVAL = '-1.00E+31' is string but DataType = CDF_REAL4 is not on of ['CDF_CHAR', 'CDF_UCHAR', 'CDF_EPOCH', 'CDF_EPOCH16', 'CDF_TIME_TT2000']. Removing variable from dataset.
ERG_MEPE_L2_3DFLUX:
  FEDU_Energy: CDF.WrongFillType: FEDU_Energy: FILLVAL = '-1.0E+31' is string but DataType = CDF_REAL4 is not on of ['CDF_CHAR', 'CDF_UCHAR', 'CDF_EPOCH', 'CDF_EPOCH16', 'CDF_TIME_TT2000']. Removing variable from dataset.
  FEDU_Angle_sga: CDF.WrongFillType: FEDU_Angle_sga: FILLVAL = '-1.0E+31' is string but DataType = CDF_REAL4 is not on of ['CDF_CHAR', 'CDF_UCHAR', 'CDF_EPOCH', 'CDF_EPOCH16', 'CDF_TIME_TT2000']. Removing variable from dataset.
ERG_LEPI_L2_OMNIFLUX:
  FPDO_Energy: CDF.WrongFillType: FPDO_Energy: FILLVAL = '-1.E+31' is string but DataType = CDF_REAL4 is not on of ['CDF_CHAR', 'CDF_UCHAR', 'CDF_EPOCH', 'CDF_EPOCH16', 'CDF_TIME_TT2000']. Removing variable from dataset.
  FHEDO_Energy: CDF.WrongFillType: FHEDO_Energy: FILLVAL = '-1.E+31' is string but DataType = CDF_REAL4 is not on of ['CDF_CHAR', 'CDF_UCHAR', 'CDF_EPOCH', 'CDF_EPOCH16', 'CDF_TIME_TT2000']. Removing variable from dataset.
  FODO_Energy: CDF.WrongFillType: FODO_Energy: FILLVAL = '-1.E+31' is string but DataType = CDF_REAL4 is not on of ['CDF_CHAR', 'CDF_UCHAR', 'CDF_EPOCH', 'CDF_EPOCH16', 'CDF_TIME_TT2000']. Removing variable from dataset.
ERG_PWE_OFA_L2_SPEC:
  freq_e132: CDF.WrongFillType: freq_e132: FILLVAL = '-1E+31' is string but DataType = CDF_REAL4 is not on of ['CDF_CHAR', 'CDF_UCHAR', 'CDF_EPOCH', 'CDF_EPOCH16', 'CDF_TIME_TT2000']. Removing variable from dataset.
  freq_b132: CDF.WrongFillType: freq_b132: FILLVAL = '-1E+31' is string but DataType = CDF_REAL4 is not on of ['CDF_CHAR', 'CDF_UCHAR', 'CDF_EPOCH', 'CDF_EPOCH16', 'CDF_TIME_TT2000']. Removing variable from dataset.
ERG_PWE_HFA_L2_SPEC_HIGH:
  freq_bandwidth_hfa: CDF.WrongFillType: freq_bandwidth_hfa: FILLVAL = '-1.0E+31' is string but DataType = CDF_REAL4 is not on of ['CDF_CHAR', 'CDF_UCHAR', 'CDF_EPOCH', 'CDF_EPOCH16', 'CDF_TIME_TT2000']. Removing variable from dataset.
  quality_flag: CDF.WrongFillType: quality_flag: FILLVAL = '-128' is string but DataType = CDF_UINT4 is not on of ['CDF_CHAR', 'CDF_UCHAR', 'CDF_EPOCH', 'CDF_EPOCH16', 'CDF_TIME_TT2000']. Removing variable from dataset.
ERG_PWE_HFA_L2_SPEC_LOW:
  freq_spec: CDF.WrongFillType: freq_spec: FILLVAL = '-1.0E+31' is string but DataType = CDF_REAL4 is not on of ['CDF_CHAR', 'CDF_UCHAR', 'CDF_EPOCH', 'CDF_EPOCH16', 'CDF_TIME_TT2000']. Removing variable from dataset.
  freq_bandwidth_hfa: CDF.WrongFillType: freq_bandwidth_hfa: FILLVAL = '-1.0E+31' is string but DataType = CDF_REAL4 is not on of ['CDF_CHAR', 'CDF_UCHAR', 'CDF_EPOCH', 'CDF_EPOCH16', 'CDF_TIME_TT2000']. Removing variable from dataset.
  quality_flag: CDF.WrongFillType: quality_flag: FILLVAL = '-128' is string but DataType = CDF_UINT4 is not on of ['CDF_CHAR', 'CDF_UCHAR', 'CDF_EPOCH', 'CDF_EPOCH16', 'CDF_TIME_TT2000']. Removing variable from dataset.
ERG_PWE_HFA_L2_SPEC_MONIT:
  freq_spec: CDF.WrongFillType: freq_spec: FILLVAL = '-1.0E+31' is string but DataType = CDF_REAL4 is not on of ['CDF_CHAR', 'CDF_UCHAR', 'CDF_EPOCH', 'CDF_EPOCH16', 'CDF_TIME_TT2000']. Removing variable from dataset.
  freq_bandwidth_hfa: CDF.WrongFillType: freq_bandwidth_hfa: FILLVAL = '-1.0E+31' is string but DataType = CDF_REAL4 is not on of ['CDF_CHAR', 'CDF_UCHAR', 'CDF_EPOCH', 'CDF_EPOCH16', 'CDF_TIME_TT2000']. Removing variable from dataset.
  quality_flag: CDF.WrongFillType: quality_flag: FILLVAL = '-128' is string but DataType = CDF_UINT4 is not on of ['CDF_CHAR', 'CDF_UCHAR', 'CDF_EPOCH', 'CDF_EPOCH16', 'CDF_TIME_TT2000']. Removing variable from dataset.