DE2_AC500MS_VEFI:
  spectA: ISTP.CATDESC: Variable 'spectA' does not have a CATDESC attribute.
  spectB: ISTP.CATDESC: Variable 'spectB' does not have a CATDESC attribute.
  spectC: ISTP.CATDESC: Variable 'spectC' does not have a CATDESC attribute.
DYNAMO-2_DESA_NX02A-ESA-FLUX:
  DESA_NX_02A_ESA_L1A_COUNTS: ISTP.CATDESC: Variable 'DESA_NX_02A_ESA_L1A_COUNTS' does not have a CATDESC attribute.
  DESA_NX_02A_ESA_L2_DEF: ISTP.CATDESC: Variable 'DESA_NX_02A_ESA_L2_DEF' does not have a CATDESC attribute.
ENDURANCE_EPHEMERIS_DEF:
  DCM ISTP.CATDESC:
    Variable 'DCM' does not have a CATDESC attribute.
    Variable 'DCM' does not have a CATDESC attribute.
ENDURANCE_L1A_PES:
  stp_count_PES: ISTP.CATDESC: Variable 'stp_count_PES' does not have a CATDESC attribute.
  PES_A_counts: ISTP.CATDESC: Variable 'PES_A_counts' does not have a CATDESC attribute.
  PES_B_counts: ISTP.CATDESC: Variable 'PES_B_counts' does not have a CATDESC attribute.
  PES_HV_mon: ISTP.CATDESC: Variable 'PES_HV_mon' does not have a CATDESC attribute.
  PES_ESA_mon: ISTP.CATDESC: Variable 'PES_ESA_mon' does not have a CATDESC attribute.
  PES_RPA_mon: ISTP.CATDESC: Variable 'PES_RPA_mon' does not have a CATDESC attribute.
  PES_CEM_mon: ISTP.CATDESC: Variable 'PES_CEM_mon' does not have a CATDESC attribute.
ENDURANCE_L1B_PES:
  PES_A_counts ISTP.CATDESC:
    Variable 'PES_A_counts' does not have a CATDESC attribute.
    Variable 'PES_A_counts' does not have a CATDESC attribute.
  PES_B_counts ISTP.CATDESC:
    Variable 'PES_B_counts' does not have a CATDESC attribute.
    Variable 'PES_B_counts' does not have a CATDESC attribute.
ENDURANCE_L2-GF_PES:
  PES_A_GF: ISTP.CATDESC: Variable 'PES_A_GF' does not have a CATDESC attribute.
  PES_B_GF: ISTP.CATDESC: Variable 'PES_B_GF' does not have a CATDESC attribute.
ENDURANCE_L2-ESA_PES:
  PES_A_ESA_DEF: ISTP.CATDESC: Variable 'PES_A_ESA_DEF' does not have a CATDESC attribute.
  PES_B_ESA_DEF: ISTP.CATDESC: Variable 'PES_B_ESA_DEF' does not have a CATDESC attribute.
ENDURANCE_L2-RPA_PES:
  PES_A_RPA_DEF: ISTP.CATDESC: Variable 'PES_A_RPA_DEF' does not have a CATDESC attribute.
  PES_B_RPA_DEF: ISTP.CATDESC: Variable 'PES_B_RPA_DEF' does not have a CATDESC attribute.
  energy: ISTP.CATDESC: Variable 'energy' does not have a CATDESC attribute.
GE_SW_CPI:
  flux ISTP.CATDESC:
    Variable 'flux' does not have a CATDESC attribute.
    Variable 'flux' does not have a CATDESC attribute.
    Variable 'flux' does not have a CATDESC attribute.
  flux_D3S5_BY_ENERGY ISTP.CATDESC:
    Variable 'flux_D3S5_BY_ENERGY' does not have a CATDESC attribute.
    Variable 'flux_D3S5_BY_ENERGY' does not have a CATDESC attribute.
    Variable 'flux_D3S5_BY_ENERGY' does not have a CATDESC attribute.
  flux_D3S9_BY_ENERGY ISTP.CATDESC:
    Variable 'flux_D3S9_BY_ENERGY' does not have a CATDESC attribute.
    Variable 'flux_D3S9_BY_ENERGY' does not have a CATDESC attribute.
    Variable 'flux_D3S9_BY_ENERGY' does not have a CATDESC attribute.
  flux_D3S11_BY_ENERGY ISTP.CATDESC:
    Variable 'flux_D3S11_BY_ENERGY' does not have a CATDESC attribute.
    Variable 'flux_D3S11_BY_ENERGY' does not have a CATDESC attribute.
    Variable 'flux_D3S11_BY_ENERGY' does not have a CATDESC attribute.
  flux_D3S13_BY_ENERGY ISTP.CATDESC:
    Variable 'flux_D3S13_BY_ENERGY' does not have a CATDESC attribute.
    Variable 'flux_D3S13_BY_ENERGY' does not have a CATDESC attribute.
    Variable 'flux_D3S13_BY_ENERGY' does not have a CATDESC attribute.
  flux_D3S17_BY_ENERGY ISTP.CATDESC:
    Variable 'flux_D3S17_BY_ENERGY' does not have a CATDESC attribute.
    Variable 'flux_D3S17_BY_ENERGY' does not have a CATDESC attribute.
    Variable 'flux_D3S17_BY_ENERGY' does not have a CATDESC attribute.
  flux_D6S5_BY_ENERGY ISTP.CATDESC:
    Variable 'flux_D6S5_BY_ENERGY' does not have a CATDESC attribute.
    Variable 'flux_D6S5_BY_ENERGY' does not have a CATDESC attribute.
    Variable 'flux_D6S5_BY_ENERGY' does not have a CATDESC attribute.
  flux_D6S9_BY_ENERGY ISTP.CATDESC:
    Variable 'flux_D6S9_BY_ENERGY' does not have a CATDESC attribute.
    Variable 'flux_D6S9_BY_ENERGY' does not have a CATDESC attribute.
    Variable 'flux_D6S9_BY_ENERGY' does not have a CATDESC attribute.
  flux_D6S11_BY_ENERGY ISTP.CATDESC:
    Variable 'flux_D6S11_BY_ENERGY' does not have a CATDESC attribute.
    Variable 'flux_D6S11_BY_ENERGY' does not have a CATDESC attribute.
    Variable 'flux_D6S11_BY_ENERGY' does not have a CATDESC attribute.
  flux_D6S13_BY_ENERGY ISTP.CATDESC:
    Variable 'flux_D6S13_BY_ENERGY' does not have a CATDESC attribute.
    Variable 'flux_D6S13_BY_ENERGY' does not have a CATDESC attribute.
    Variable 'flux_D6S13_BY_ENERGY' does not have a CATDESC attribute.
  flux_D6S17_BY_ENERGY ISTP.CATDESC:
    Variable 'flux_D6S17_BY_ENERGY' does not have a CATDESC attribute.
    Variable 'flux_D6S17_BY_ENERGY' does not have a CATDESC attribute.
    Variable 'flux_D6S17_BY_ENERGY' does not have a CATDESC attribute.
  flux_D7S5_BY_ENERGY ISTP.CATDESC:
    Variable 'flux_D7S5_BY_ENERGY' does not have a CATDESC attribute.
    Variable 'flux_D7S5_BY_ENERGY' does not have a CATDESC attribute.
    Variable 'flux_D7S5_BY_ENERGY' does not have a CATDESC attribute.
  flux_D7S9_BY_ENERGY ISTP.CATDESC:
    Variable 'flux_D7S9_BY_ENERGY' does not have a CATDESC attribute.
    Variable 'flux_D7S9_BY_ENERGY' does not have a CATDESC attribute.
    Variable 'flux_D7S9_BY_ENERGY' does not have a CATDESC attribute.
  flux_D7S11_BY_ENERGY ISTP.CATDESC:
    Variable 'flux_D7S11_BY_ENERGY' does not have a CATDESC attribute.
    Variable 'flux_D7S11_BY_ENERGY' does not have a CATDESC attribute.
    Variable 'flux_D7S11_BY_ENERGY' does not have a CATDESC attribute.
  flux_D7S13_BY_ENERGY ISTP.CATDESC:
    Variable 'flux_D7S13_BY_ENERGY' does not have a CATDESC attribute.
    Variable 'flux_D7S13_BY_ENERGY' does not have a CATDESC attribute.
    Variable 'flux_D7S13_BY_ENERGY' does not have a CATDESC attribute.
  flux_D7S17_BY_ENERGY ISTP.CATDESC:
    Variable 'flux_D7S17_BY_ENERGY' does not have a CATDESC attribute.
    Variable 'flux_D7S17_BY_ENERGY' does not have a CATDESC attribute.
    Variable 'flux_D7S17_BY_ENERGY' does not have a CATDESC attribute.
  flux_D9S5_BY_ENERGY ISTP.CATDESC:
    Variable 'flux_D9S5_BY_ENERGY' does not have a CATDESC attribute.
    Variable 'flux_D9S5_BY_ENERGY' does not have a CATDESC attribute.
    Variable 'flux_D9S5_BY_ENERGY' does not have a CATDESC attribute.
  flux_D9S9_BY_ENERGY ISTP.CATDESC:
    Variable 'flux_D9S9_BY_ENERGY' does not have a CATDESC attribute.
    Variable 'flux_D9S9_BY_ENERGY' does not have a CATDESC attribute.
    Variable 'flux_D9S9_BY_ENERGY' does not have a CATDESC attribute.
  flux_D9S11_BY_ENERGY ISTP.CATDESC:
    Variable 'flux_D9S11_BY_ENERGY' does not have a CATDESC attribute.
    Variable 'flux_D9S11_BY_ENERGY' does not have a CATDESC attribute.
    Variable 'flux_D9S11_BY_ENERGY' does not have a CATDESC attribute.
  flux_D9S13_BY_ENERGY ISTP.CATDESC:
    Variable 'flux_D9S13_BY_ENERGY' does not have a CATDESC attribute.
    Variable 'flux_D9S13_BY_ENERGY' does not have a CATDESC attribute.
    Variable 'flux_D9S13_BY_ENERGY' does not have a CATDESC attribute.
  flux_D9S17_BY_ENERGY ISTP.CATDESC:
    Variable 'flux_D9S17_BY_ENERGY' does not have a CATDESC attribute.
    Variable 'flux_D9S17_BY_ENERGY' does not have a CATDESC attribute.
    Variable 'flux_D9S17_BY_ENERGY' does not have a CATDESC attribute.
  flux_D3E16_BY_SECTOR ISTP.CATDESC:
    Variable 'flux_D3E16_BY_SECTOR' does not have a CATDESC attribute.
    Variable 'flux_D3E16_BY_SECTOR' does not have a CATDESC attribute.
    Variable 'flux_D3E16_BY_SECTOR' does not have a CATDESC attribute.
  flux_D3E24_BY_SECTOR ISTP.CATDESC:
    Variable 'flux_D3E24_BY_SECTOR' does not have a CATDESC attribute.
    Variable 'flux_D3E24_BY_SECTOR' does not have a CATDESC attribute.
    Variable 'flux_D3E24_BY_SECTOR' does not have a CATDESC attribute.
  flux_D3E32_BY_SECTOR ISTP.CATDESC:
    Variable 'flux_D3E32_BY_SECTOR' does not have a CATDESC attribute.
    Variable 'flux_D3E32_BY_SECTOR' does not have a CATDESC attribute.
    Variable 'flux_D3E32_BY_SECTOR' does not have a CATDESC attribute.
  flux_D3E40_BY_SECTOR ISTP.CATDESC:
    Variable 'flux_D3E40_BY_SECTOR' does not have a CATDESC attribute.
    Variable 'flux_D3E40_BY_SECTOR' does not have a CATDESC attribute.
    Variable 'flux_D3E40_BY_SECTOR' does not have a CATDESC attribute.
  flux_D3E48_BY_SECTOR ISTP.CATDESC:
    Variable 'flux_D3E48_BY_SECTOR' does not have a CATDESC attribute.
    Variable 'flux_D3E48_BY_SECTOR' does not have a CATDESC attribute.
    Variable 'flux_D3E48_BY_SECTOR' does not have a CATDESC attribute.
  flux_D6E16_BY_SECTOR ISTP.CATDESC:
    Variable 'flux_D6E16_BY_SECTOR' does not have a CATDESC attribute.
    Variable 'flux_D6E16_BY_SECTOR' does not have a CATDESC attribute.
    Variable 'flux_D6E16_BY_SECTOR' does not have a CATDESC attribute.
  flux_D6E24_BY_SECTOR ISTP.CATDESC:
    Variable 'flux_D6E24_BY_SECTOR' does not have a CATDESC attribute.
    Variable 'flux_D6E24_BY_SECTOR' does not have a CATDESC attribute.
    Variable 'flux_D6E24_BY_SECTOR' does not have a CATDESC attribute.
  flux_D6E32_BY_SECTOR ISTP.CATDESC:
    Variable 'flux_D6E32_BY_SECTOR' does not have a CATDESC attribute.
    Variable 'flux_D6E32_BY_SECTOR' does not have a CATDESC attribute.
    Variable 'flux_D6E32_BY_SECTOR' does not have a CATDESC attribute.
  flux_D6E40_BY_SECTOR ISTP.CATDESC:
    Variable 'flux_D6E40_BY_SECTOR' does not have a CATDESC attribute.
    Variable 'flux_D6E40_BY_SECTOR' does not have a CATDESC attribute.
    Variable 'flux_D6E40_BY_SECTOR' does not have a CATDESC attribute.
  flux_D6E48_BY_SECTOR ISTP.CATDESC:
    Variable 'flux_D6E48_BY_SECTOR' does not have a CATDESC attribute.
    Variable 'flux_D6E48_BY_SECTOR' does not have a CATDESC attribute.
    Variable 'flux_D6E48_BY_SECTOR' does not have a CATDESC attribute.
  flux_D7E16_BY_SECTOR ISTP.CATDESC:
    Variable 'flux_D7E16_BY_SECTOR' does not have a CATDESC attribute.
    Variable 'flux_D7E16_BY_SECTOR' does not have a CATDESC attribute.
    Variable 'flux_D7E16_BY_SECTOR' does not have a CATDESC attribute.
  flux_D7E24_BY_SECTOR ISTP.CATDESC:
    Variable 'flux_D7E24_BY_SECTOR' does not have a CATDESC attribute.
    Variable 'flux_D7E24_BY_SECTOR' does not have a CATDESC attribute.
    Variable 'flux_D7E24_BY_SECTOR' does not have a CATDESC attribute.
  flux_D7E32_BY_SECTOR ISTP.CATDESC:
    Variable 'flux_D7E32_BY_SECTOR' does not have a CATDESC attribute.
    Variable 'flux_D7E32_BY_SECTOR' does not have a CATDESC attribute.
    Variable 'flux_D7E32_BY_SECTOR' does not have a CATDESC attribute.
  flux_D7E40_BY_SECTOR ISTP.CATDESC:
    Variable 'flux_D7E40_BY_SECTOR' does not have a CATDESC attribute.
    Variable 'flux_D7E40_BY_SECTOR' does not have a CATDESC attribute.
    Variable 'flux_D7E40_BY_SECTOR' does not have a CATDESC attribute.
  flux_D7E48_BY_SECTOR ISTP.CATDESC:
    Variable 'flux_D7E48_BY_SECTOR' does not have a CATDESC attribute.
    Variable 'flux_D7E48_BY_SECTOR' does not have a CATDESC attribute.
    Variable 'flux_D7E48_BY_SECTOR' does not have a CATDESC attribute.
  flux_D9E16_BY_SECTOR ISTP.CATDESC:
    Variable 'flux_D9E16_BY_SECTOR' does not have a CATDESC attribute.
    Variable 'flux_D9E16_BY_SECTOR' does not have a CATDESC attribute.
    Variable 'flux_D9E16_BY_SECTOR' does not have a CATDESC attribute.
  flux_D9E24_BY_SECTOR ISTP.CATDESC:
    Variable 'flux_D9E24_BY_SECTOR' does not have a CATDESC attribute.
    Variable 'flux_D9E24_BY_SECTOR' does not have a CATDESC attribute.
    Variable 'flux_D9E24_BY_SECTOR' does not have a CATDESC attribute.
  flux_D9E32_BY_SECTOR ISTP.CATDESC:
    Variable 'flux_D9E32_BY_SECTOR' does not have a CATDESC attribute.
    Variable 'flux_D9E32_BY_SECTOR' does not have a CATDESC attribute.
    Variable 'flux_D9E32_BY_SECTOR' does not have a CATDESC attribute.
  flux_D9E40_BY_SECTOR ISTP.CATDESC:
    Variable 'flux_D9E40_BY_SECTOR' does not have a CATDESC attribute.
    Variable 'flux_D9E40_BY_SECTOR' does not have a CATDESC attribute.
    Variable 'flux_D9E40_BY_SECTOR' does not have a CATDESC attribute.
  flux_D9E48_BY_SECTOR ISTP.CATDESC:
    Variable 'flux_D9E48_BY_SECTOR' does not have a CATDESC attribute.
    Variable 'flux_D9E48_BY_SECTOR' does not have a CATDESC attribute.
    Variable 'flux_D9E48_BY_SECTOR' does not have a CATDESC attribute.
  flux_S5E16_BY_DETECTOR ISTP.CATDESC:
    Variable 'flux_S5E16_BY_DETECTOR' does not have a CATDESC attribute.
    Variable 'flux_S5E16_BY_DETECTOR' does not have a CATDESC attribute.
    Variable 'flux_S5E16_BY_DETECTOR' does not have a CATDESC attribute.
  flux_S5E24_BY_DETECTOR ISTP.CATDESC:
    Variable 'flux_S5E24_BY_DETECTOR' does not have a CATDESC attribute.
    Variable 'flux_S5E24_BY_DETECTOR' does not have a CATDESC attribute.
    Variable 'flux_S5E24_BY_DETECTOR' does not have a CATDESC attribute.
  flux_S5E32_BY_DETECTOR ISTP.CATDESC:
    Variable 'flux_S5E32_BY_DETECTOR' does not have a CATDESC attribute.
    Variable 'flux_S5E32_BY_DETECTOR' does not have a CATDESC attribute.
    Variable 'flux_S5E32_BY_DETECTOR' does not have a CATDESC attribute.
  flux_S5E40_BY_DETECTOR ISTP.CATDESC:
    Variable 'flux_S5E40_BY_DETECTOR' does not have a CATDESC attribute.
    Variable 'flux_S5E40_BY_DETECTOR' does not have a CATDESC attribute.
    Variable 'flux_S5E40_BY_DETECTOR' does not have a CATDESC attribute.
  flux_S5E48_BY_DETECTOR ISTP.CATDESC:
    Variable 'flux_S5E48_BY_DETECTOR' does not have a CATDESC attribute.
    Variable 'flux_S5E48_BY_DETECTOR' does not have a CATDESC attribute.
    Variable 'flux_S5E48_BY_DETECTOR' does not have a CATDESC attribute.
  flux_S9E16_BY_DETECTOR ISTP.CATDESC:
    Variable 'flux_S9E16_BY_DETECTOR' does not have a CATDESC attribute.
    Variable 'flux_S9E16_BY_DETECTOR' does not have a CATDESC attribute.
    Variable 'flux_S9E16_BY_DETECTOR' does not have a CATDESC attribute.
  flux_S9E24_BY_DETECTOR ISTP.CATDESC:
    Variable 'flux_S9E24_BY_DETECTOR' does not have a CATDESC attribute.
    Variable 'flux_S9E24_BY_DETECTOR' does not have a CATDESC attribute.
    Variable 'flux_S9E24_BY_DETECTOR' does not have a CATDESC attribute.
  flux_S9E32_BY_DETECTOR ISTP.CATDESC:
    Variable 'flux_S9E32_BY_DETECTOR' does not have a CATDESC attribute.
    Variable 'flux_S9E32_BY_DETECTOR' does not have a CATDESC attribute.
    Variable 'flux_S9E32_BY_DETECTOR' does not have a CATDESC attribute.
  flux_S9E40_BY_DETECTOR ISTP.CATDESC:
    Variable 'flux_S9E40_BY_DETECTOR' does not have a CATDESC attribute.
    Variable 'flux_S9E40_BY_DETECTOR' does not have a CATDESC attribute.
    Variable 'flux_S9E40_BY_DETECTOR' does not have a CATDESC attribute.
  flux_S9E48_BY_DETECTOR ISTP.CATDESC:
    Variable 'flux_S9E48_BY_DETECTOR' does not have a CATDESC attribute.
    Variable 'flux_S9E48_BY_DETECTOR' does not have a CATDESC attribute.
    Variable 'flux_S9E48_BY_DETECTOR' does not have a CATDESC attribute.
  flux_S11E16_BY_DETECTOR ISTP.CATDESC:
    Variable 'flux_S11E16_BY_DETECTOR' does not have a CATDESC attribute.
    Variable 'flux_S11E16_BY_DETECTOR' does not have a CATDESC attribute.
    Variable 'flux_S11E16_BY_DETECTOR' does not have a CATDESC attribute.
  flux_S11E24_BY_DETECTOR ISTP.CATDESC:
    Variable 'flux_S11E24_BY_DETECTOR' does not have a CATDESC attribute.
    Variable 'flux_S11E24_BY_DETECTOR' does not have a CATDESC attribute.
    Variable 'flux_S11E24_BY_DETECTOR' does not have a CATDESC attribute.
  flux_S11E32_BY_DETECTOR ISTP.CATDESC:
    Variable 'flux_S11E32_BY_DETECTOR' does not have a CATDESC attribute.
    Variable 'flux_S11E32_BY_DETECTOR' does not have a CATDESC attribute.
    Variable 'flux_S11E32_BY_DETECTOR' does not have a CATDESC attribute.
  flux_S11E40_BY_DETECTOR ISTP.CATDESC:
    Variable 'flux_S11E40_BY_DETECTOR' does not have a CATDESC attribute.
    Variable 'flux_S11E40_BY_DETECTOR' does not have a CATDESC attribute.
    Variable 'flux_S11E40_BY_DETECTOR' does not have a CATDESC attribute.
  flux_S11E48_BY_DETECTOR ISTP.CATDESC:
    Variable 'flux_S11E48_BY_DETECTOR' does not have a CATDESC attribute.
    Variable 'flux_S11E48_BY_DETECTOR' does not have a CATDESC attribute.
    Variable 'flux_S11E48_BY_DETECTOR' does not have a CATDESC attribute.
  flux_S13E16_BY_DETECTOR ISTP.CATDESC:
    Variable 'flux_S13E16_BY_DETECTOR' does not have a CATDESC attribute.
    Variable 'flux_S13E16_BY_DETECTOR' does not have a CATDESC attribute.
    Variable 'flux_S13E16_BY_DETECTOR' does not have a CATDESC attribute.
  flux_S13E24_BY_DETECTOR ISTP.CATDESC:
    Variable 'flux_S13E24_BY_DETECTOR' does not have a CATDESC attribute.
    Variable 'flux_S13E24_BY_DETECTOR' does not have a CATDESC attribute.
    Variable 'flux_S13E24_BY_DETECTOR' does not have a CATDESC attribute.
  flux_S13E32_BY_DETECTOR ISTP.CATDESC:
    Variable 'flux_S13E32_BY_DETECTOR' does not have a CATDESC attribute.
    Variable 'flux_S13E32_BY_DETECTOR' does not have a CATDESC attribute.
    Variable 'flux_S13E32_BY_DETECTOR' does not have a CATDESC attribute.
  flux_S13E40_BY_DETECTOR ISTP.CATDESC:
    Variable 'flux_S13E40_BY_DETECTOR' does not have a CATDESC attribute.
    Variable 'flux_S13E40_BY_DETECTOR' does not have a CATDESC attribute.
    Variable 'flux_S13E40_BY_DETECTOR' does not have a CATDESC attribute.
  flux_S13E48_BY_DETECTOR ISTP.CATDESC:
    Variable 'flux_S13E48_BY_DETECTOR' does not have a CATDESC attribute.
    Variable 'flux_S13E48_BY_DETECTOR' does not have a CATDESC attribute.
    Variable 'flux_S13E48_BY_DETECTOR' does not have a CATDESC attribute.
  flux_S17E16_BY_DETECTOR ISTP.CATDESC:
    Variable 'flux_S17E16_BY_DETECTOR' does not have a CATDESC attribute.
    Variable 'flux_S17E16_BY_DETECTOR' does not have a CATDESC attribute.
    Variable 'flux_S17E16_BY_DETECTOR' does not have a CATDESC attribute.
  flux_S17E24_BY_DETECTOR ISTP.CATDESC:
    Variable 'flux_S17E24_BY_DETECTOR' does not have a CATDESC attribute.
    Variable 'flux_S17E24_BY_DETECTOR' does not have a CATDESC attribute.
    Variable 'flux_S17E24_BY_DETECTOR' does not have a CATDESC attribute.
  flux_S17E32_BY_DETECTOR ISTP.CATDESC:
    Variable 'flux_S17E32_BY_DETECTOR' does not have a CATDESC attribute.
    Variable 'flux_S17E32_BY_DETECTOR' does not have a CATDESC attribute.
    Variable 'flux_S17E32_BY_DETECTOR' does not have a CATDESC attribute.
  flux_S17E40_BY_DETECTOR ISTP.CATDESC:
    Variable 'flux_S17E40_BY_DETECTOR' does not have a CATDESC attribute.
    Variable 'flux_S17E40_BY_DETECTOR' does not have a CATDESC attribute.
    Variable 'flux_S17E40_BY_DETECTOR' does not have a CATDESC attribute.
  flux_S17E48_BY_DETECTOR ISTP.CATDESC:
    Variable 'flux_S17E48_BY_DETECTOR' does not have a CATDESC attribute.
    Variable 'flux_S17E48_BY_DETECTOR' does not have a CATDESC attribute.
    Variable 'flux_S17E48_BY_DETECTOR' does not have a CATDESC attribute.
GPS_RF_LANL-VTEC-1HR:
  tec ISTP.CATDESC:
    Variable 'tec' does not have a CATDESC attribute.
    Variable 'tec' does not have a CATDESC attribute.
  tec_movie ISTP.CATDESC:
    Variable 'tec_movie' does not have a CATDESC attribute.
    Variable 'tec_movie' does not have a CATDESC attribute.
  tec_moll ISTP.CATDESC:
    Variable 'tec_moll' does not have a CATDESC attribute.
    Variable 'tec_moll' does not have a CATDESC attribute.
  tec_moll_movie ISTP.CATDESC:
    Variable 'tec_moll_movie' does not have a CATDESC attribute.
    Variable 'tec_moll_movie' does not have a CATDESC attribute.
TIMED_L1CDISK_GUVI:
  GeographLat ISTP.CATDESC:
    Variable 'GeographLat' does not have a CATDESC attribute.
    Variable 'GeographLat' does not have a CATDESC attribute.
  GeographLon ISTP.CATDESC:
    Variable 'GeographLon' does not have a CATDESC attribute.
    Variable 'GeographLon' does not have a CATDESC attribute.
  GeomagLat ISTP.CATDESC:
    Variable 'GeomagLat' does not have a CATDESC attribute.
    Variable 'GeomagLat' does not have a CATDESC attribute.
  GeomagLon ISTP.CATDESC:
    Variable 'GeomagLon' does not have a CATDESC attribute.
    Variable 'GeomagLon' does not have a CATDESC attribute.
  Intensity1_LogAllProfiles: ISTP.CATDESC: Variable 'Intensity1_LogAllProfiles' does not have a CATDESC attribute.
  Intensity2_LogAllProfiles: ISTP.CATDESC: Variable 'Intensity2_LogAllProfiles' does not have a CATDESC attribute.
  Intensity3_LogAllProfiles: ISTP.CATDESC: Variable 'Intensity3_LogAllProfiles' does not have a CATDESC attribute.
  Intensity4_LogAllProfiles: ISTP.CATDESC: Variable 'Intensity4_LogAllProfiles' does not have a CATDESC attribute.
  Intensity5_LogAllProfiles: ISTP.CATDESC: Variable 'Intensity5_LogAllProfiles' does not have a CATDESC attribute.
  Intensity1_AllProfiles: ISTP.CATDESC: Variable 'Intensity1_AllProfiles' does not have a CATDESC attribute.
  Intensity2_AllProfiles: ISTP.CATDESC: Variable 'Intensity2_AllProfiles' does not have a CATDESC attribute.
  Intensity3_AllProfiles: ISTP.CATDESC: Variable 'Intensity3_AllProfiles' does not have a CATDESC attribute.
  Intensity4_AllProfiles: ISTP.CATDESC: Variable 'Intensity4_AllProfiles' does not have a CATDESC attribute.
  Intensity5_AllProfiles: ISTP.CATDESC: Variable 'Intensity5_AllProfiles' does not have a CATDESC attribute.
TWINS1_TISTORM_IMAGER:
  fluxarrays ISTP.CATDESC:
    Variable 'fluxarrays' does not have a CATDESC attribute.
    Variable 'fluxarrays' does not have a CATDESC attribute.
    Variable 'fluxarrays' does not have a CATDESC attribute.
  flux2 ISTP.CATDESC:
    Variable 'flux2' does not have a CATDESC attribute.
    Variable 'flux2' does not have a CATDESC attribute.
  flux8 ISTP.CATDESC:
    Variable 'flux8' does not have a CATDESC attribute.
    Variable 'flux8' does not have a CATDESC attribute.
  flux14 ISTP.CATDESC:
    Variable 'flux14' does not have a CATDESC attribute.
    Variable 'flux14' does not have a CATDESC attribute.
  flux20 ISTP.CATDESC:
    Variable 'flux20' does not have a CATDESC attribute.
    Variable 'flux20' does not have a CATDESC attribute.
  flux24 ISTP.CATDESC:
    Variable 'flux24' does not have a CATDESC attribute.
    Variable 'flux24' does not have a CATDESC attribute.
  flux32 ISTP.CATDESC:
    Variable 'flux32' does not have a CATDESC attribute.
    Variable 'flux32' does not have a CATDESC attribute.
  flux45 ISTP.CATDESC:
    Variable 'flux45' does not have a CATDESC attribute.
    Variable 'flux45' does not have a CATDESC attribute.
  flux_x20 ISTP.CATDESC:
    Variable 'flux_x20' does not have a CATDESC attribute.
    Variable 'flux_x20' does not have a CATDESC attribute.
  flux_x10 ISTP.CATDESC:
    Variable 'flux_x10' does not have a CATDESC attribute.
    Variable 'flux_x10' does not have a CATDESC attribute.
  flux_yneg5 ISTP.CATDESC:
    Variable 'flux_yneg5' does not have a CATDESC attribute.
    Variable 'flux_yneg5' does not have a CATDESC attribute.
  flux_y5 ISTP.CATDESC:
    Variable 'flux_y5' does not have a CATDESC attribute.
    Variable 'flux_y5' does not have a CATDESC attribute.
  flux2M ISTP.CATDESC:
    Variable 'flux2M' does not have a CATDESC attribute.
    Variable 'flux2M' does not have a CATDESC attribute.
  flux8M ISTP.CATDESC:
    Variable 'flux8M' does not have a CATDESC attribute.
    Variable 'flux8M' does not have a CATDESC attribute.
  flux14M ISTP.CATDESC:
    Variable 'flux14M' does not have a CATDESC attribute.
    Variable 'flux14M' does not have a CATDESC attribute.
  flux20M ISTP.CATDESC:
    Variable 'flux20M' does not have a CATDESC attribute.
    Variable 'flux20M' does not have a CATDESC attribute.
  flux24M ISTP.CATDESC:
    Variable 'flux24M' does not have a CATDESC attribute.
    Variable 'flux24M' does not have a CATDESC attribute.
  flux32M ISTP.CATDESC:
    Variable 'flux32M' does not have a CATDESC attribute.
    Variable 'flux32M' does not have a CATDESC attribute.
  flux45M ISTP.CATDESC:
    Variable 'flux45M' does not have a CATDESC attribute.
    Variable 'flux45M' does not have a CATDESC attribute.
  flux_x20M ISTP.CATDESC:
    Variable 'flux_x20M' does not have a CATDESC attribute.
    Variable 'flux_x20M' does not have a CATDESC attribute.
  flux_x10M ISTP.CATDESC:
    Variable 'flux_x10M' does not have a CATDESC attribute.
    Variable 'flux_x10M' does not have a CATDESC attribute.
  flux_yneg5M ISTP.CATDESC:
    Variable 'flux_yneg5M' does not have a CATDESC attribute.
    Variable 'flux_yneg5M' does not have a CATDESC attribute.
  flux_y5M ISTP.CATDESC:
    Variable 'flux_y5M' does not have a CATDESC attribute.
    Variable 'flux_y5M' does not have a CATDESC attribute.
  countarrays ISTP.CATDESC:
    Variable 'countarrays' does not have a CATDESC attribute.
    Variable 'countarrays' does not have a CATDESC attribute.
    Variable 'countarrays' does not have a CATDESC attribute.
  temparrays ISTP.CATDESC:
    Variable 'temparrays' does not have a CATDESC attribute.
    Variable 'temparrays' does not have a CATDESC attribute.
  temparraysM ISTP.CATDESC:
    Variable 'temparraysM' does not have a CATDESC attribute.
    Variable 'temparraysM' does not have a CATDESC attribute.
  errorarrays ISTP.CATDESC:
    Variable 'errorarrays' does not have a CATDESC attribute.
    Variable 'errorarrays' does not have a CATDESC attribute.
    Variable 'errorarrays' does not have a CATDESC attribute.
  counterrors ISTP.CATDESC:
    Variable 'counterrors' does not have a CATDESC attribute.
    Variable 'counterrors' does not have a CATDESC attribute.
    Variable 'counterrors' does not have a CATDESC attribute.
TWINS2_TISTORM_IMAGER:
  fluxarrays ISTP.CATDESC:
    Variable 'fluxarrays' does not have a CATDESC attribute.
    Variable 'fluxarrays' does not have a CATDESC attribute.
    Variable 'fluxarrays' does not have a CATDESC attribute.
  flux2 ISTP.CATDESC:
    Variable 'flux2' does not have a CATDESC attribute.
    Variable 'flux2' does not have a CATDESC attribute.
  flux8 ISTP.CATDESC:
    Variable 'flux8' does not have a CATDESC attribute.
    Variable 'flux8' does not have a CATDESC attribute.
  flux14 ISTP.CATDESC:
    Variable 'flux14' does not have a CATDESC attribute.
    Variable 'flux14' does not have a CATDESC attribute.
  flux20 ISTP.CATDESC:
    Variable 'flux20' does not have a CATDESC attribute.
    Variable 'flux20' does not have a CATDESC attribute.
  flux24 ISTP.CATDESC:
    Variable 'flux24' does not have a CATDESC attribute.
    Variable 'flux24' does not have a CATDESC attribute.
  flux32 ISTP.CATDESC:
    Variable 'flux32' does not have a CATDESC attribute.
    Variable 'flux32' does not have a CATDESC attribute.
  flux45 ISTP.CATDESC:
    Variable 'flux45' does not have a CATDESC attribute.
    Variable 'flux45' does not have a CATDESC attribute.
  flux_x20 ISTP.CATDESC:
    Variable 'flux_x20' does not have a CATDESC attribute.
    Variable 'flux_x20' does not have a CATDESC attribute.
  flux_x10 ISTP.CATDESC:
    Variable 'flux_x10' does not have a CATDESC attribute.
    Variable 'flux_x10' does not have a CATDESC attribute.
  flux_yneg5 ISTP.CATDESC:
    Variable 'flux_yneg5' does not have a CATDESC attribute.
    Variable 'flux_yneg5' does not have a CATDESC attribute.
  flux_y5 ISTP.CATDESC:
    Variable 'flux_y5' does not have a CATDESC attribute.
    Variable 'flux_y5' does not have a CATDESC attribute.
  flux2M ISTP.CATDESC:
    Variable 'flux2M' does not have a CATDESC attribute.
    Variable 'flux2M' does not have a CATDESC attribute.
  flux8M ISTP.CATDESC:
    Variable 'flux8M' does not have a CATDESC attribute.
    Variable 'flux8M' does not have a CATDESC attribute.
  flux14M ISTP.CATDESC:
    Variable 'flux14M' does not have a CATDESC attribute.
    Variable 'flux14M' does not have a CATDESC attribute.
  flux20M ISTP.CATDESC:
    Variable 'flux20M' does not have a CATDESC attribute.
    Variable 'flux20M' does not have a CATDESC attribute.
  flux24M ISTP.CATDESC:
    Variable 'flux24M' does not have a CATDESC attribute.
    Variable 'flux24M' does not have a CATDESC attribute.
  flux32M ISTP.CATDESC:
    Variable 'flux32M' does not have a CATDESC attribute.
    Variable 'flux32M' does not have a CATDESC attribute.
  flux45M ISTP.CATDESC:
    Variable 'flux45M' does not have a CATDESC attribute.
    Variable 'flux45M' does not have a CATDESC attribute.
  flux_x20M ISTP.CATDESC:
    Variable 'flux_x20M' does not have a CATDESC attribute.
    Variable 'flux_x20M' does not have a CATDESC attribute.
  flux_x10M ISTP.CATDESC:
    Variable 'flux_x10M' does not have a CATDESC attribute.
    Variable 'flux_x10M' does not have a CATDESC attribute.
  flux_yneg5M ISTP.CATDESC:
    Variable 'flux_yneg5M' does not have a CATDESC attribute.
    Variable 'flux_yneg5M' does not have a CATDESC attribute.
  flux_y5M ISTP.CATDESC:
    Variable 'flux_y5M' does not have a CATDESC attribute.
    Variable 'flux_y5M' does not have a CATDESC attribute.
  countarrays ISTP.CATDESC:
    Variable 'countarrays' does not have a CATDESC attribute.
    Variable 'countarrays' does not have a CATDESC attribute.
    Variable 'countarrays' does not have a CATDESC attribute.
  temparrays ISTP.CATDESC:
    Variable 'temparrays' does not have a CATDESC attribute.
    Variable 'temparrays' does not have a CATDESC attribute.
  temparraysM ISTP.CATDESC:
    Variable 'temparraysM' does not have a CATDESC attribute.
    Variable 'temparraysM' does not have a CATDESC attribute.
  errorarrays ISTP.CATDESC:
    Variable 'errorarrays' does not have a CATDESC attribute.
    Variable 'errorarrays' does not have a CATDESC attribute.
    Variable 'errorarrays' does not have a CATDESC attribute.
  counterrors ISTP.CATDESC:
    Variable 'counterrors' does not have a CATDESC attribute.
    Variable 'counterrors' does not have a CATDESC attribute.
    Variable 'counterrors' does not have a CATDESC attribute.
TWINS1_L1_IMAGER:
  smooth_image_energy_kev: ISTP.CATDESC: Variable 'smooth_image_energy_kev' does not have a CATDESC attribute.
TWINS2_L1_IMAGER:
  smooth_image_energy_kev: ISTP.CATDESC: Variable 'smooth_image_energy_kev' does not have a CATDESC attribute.